6 0 5157 7831 8349 9993 2130
21 2735 1335 6663 4143 6916 6228 5868 1866 741 6658 7114 2718 5284 3242 6153 7992 5057 611 4490 7953 6487
30 6689 6466 3549 8962 7109 8274 9180 4643 715 1407 1248 6163 6932 3811 9611 6764 7788 7651 3570 5427 1395 8966 6104 2933 3198 995 5138 5545 6505 3984
29 3090 7429 7499 5716 7401 622 4214 1066 1273 271 4693 3170 1803 7483 1885 7449 2903 5850 5951 9342 8972 8900 3492 6968 2361 1662 587 1809 6191
11 1209 7928 4307 6381 9563 7028 9052 2784 3608 5352 7773
22 5018 8878 580 7846 9190 5006 823 6475 6662 2314 2368 3086 2088 2394 7566 9793 4434 9129 3523 913 8808 2628
18 9313 2356 4637 2559 585 5424 2313 7455 1353 9670 864 1651 1421 8088 8397 7304 4817 8046
15 2519 7957 474 4842 1560 7329 8728 4546 6558 318 313 3936 7813 9921 4614
15 549 6541 1724 7862 3119 6669 7014 4406 5042 7849 3290 7351 2875 5372 6686
22 4525 8773 7940 6352 1967 9043 1501 1448 614 7396 6431 1011 312 3244 3609 1824 7744 7261 9756 1064 2704 1619
19 5934 4618 8758 3430 7709 1530 7226 7019 4656 7103 6580 1686 5156 5511 3116 9754 9919 3234 6610
19 4679 1949 3565 1693 9353 9246 709 2076 6426 3865 847 3507 2693 1435 4961 9911 8634 1445 5573
36 88 5497 187 6198 4058 7929 6199 7140 6493 8406 6849 5034 113 1838 7379 4965 4714 1531 4343 4357 4009 6674 2279 7385 1780 4582 94 5936 1926 2372 5736 1322 4983 5883 1680 4095
25 2465 3307 2135 5769 6039 7926 8228 2808 2438 683 9408 2495 434 6146 613 9798 8132 5897 3681 4473 9850 1404 1576 2457 2253
34 519 1776 8950 8489 5304 567 2917 2695 9402 7471 3294 9951 3249 2904 3029 7282 8189 607 3215 7043 1561 6251 7653 5416 9524 2825 1936 31 2007 3185 4760 6944 2318 8684
25 4309 9325 7965 2432 9679 8520 8086 8459 7398 3067 961 6418 3368 6454 4016 6425 1735 364 9750 1262 3792 3884 707 4023 4865
7 5970 672 6031 7097 1817 4476 2563
20 4839 6277 1543 677 6695 3743 606 3607 8204 489 7108 7113 4853 2541 8753 5410 3665 8818 7335 3237
30 5324 713 2986 7799 6724 2944 9636 493 4815 2320 2061 6480 8237 4930 5582 7718 6733 8498 1342 5326 559 7836 1726 1292 9271 6943 6365 265 1718 3274
22 719 1977 6956 2635 2738 7643 5619 9130 2769 3305 4211 541 1218 2923 5804 2732 5832 2851 6520 556 2070 9451
15 423 4008 2720 1135 9231 2654 8051 4454 6267 6773 1877 54 2998 2298 8907
31 5335 8175 5445 2247 3555 9291 2316 3276 7993 6740 5377 3193 6793 2109 3352 8909 6306 8961 4581 2705 281 2650 8242 7473 1990 1035 1375 7136 3115 9865 7834
28 4758 3817 2576 2941 5299 3371 4687 1113 3168 4635 4387 1013 166 7840 7665 1365 9132 7883 9799 1246 1706 5661 3745 4484 6934 5339 8980 7906
23 3580 8102 3655 8731 6877 1489 9267 9890 6786 3138 8637 8715 3291 1416 2966 2534 2046 299 8790 1258 3730 994 7649
24 6252 984 3697 9556 326 8224 8486 4123 3315 3829 3613 6429 5233 3678 5925 7734 9221 4408 5989 3447 8156 2257 1082 7450
22 1867 9675 8395 920 4742 6780 157 9207 7889 5237 6952 3575 2975 4056 4428 6327 7347 2486 3809 3310 5629 9196
10 6822 7070 8840 8420 5649 3475 1860 5457 1048 1339
8 1178 1111 9604 4958 9487 9920 5885 6544
17 3055 8477 9121 1411 8905 3186 7022 5916 123 1760 149 9266 1974 9088 3637 9726 4239
12 8890 9579 4898 4504 4067 8501 6489 9398 2795 1659 5555 5037
34 6002 4855 4059 5300 9550 3468 8324 596 1369 4327 8030 6446 2118 9874 5039 6000 8624 4400 2719 5552 4299 3980 8360 426 5482 5607 4118 4492 3703 1720 3762 5524 5493 9404
15 8292 9449 2031 7435 2036 1352 5779 7466 4937 881 947 7195 7262 2990 6591
41 7475 5086 1315 268 9084 6654 2774 8736 7088 7561 5971 1010 9485 5690 6159 4497 6741 5394 5650 2498 5031 255 4433 3801 6830 9603 2066 1708 6651 6592 7803 5459 2671 7509 7409 3140 6917 5190 5438 6693 3931
19 5235 3988 5341 3692 6815 9733 8559 3471 9852 726 4071 1524 9633 5054 9345 9845 3770 2324 1880
39 9409 2883 7956 117 5161 8509 3025 9685 6656 9820 2942 4537 6473 8823 3512 3149 8796 1587 2640 2771 817 4749 8536 4828 1834 4371 6235 3145 1670 345 6542 2059 60 3700 6070 1495 4600 4542 5456
25 2920 2015 211 5426 2388 5875 5514 601 5373 4032 3962 9428 1959 262 573 2945 953 2149 7785 5595 5010 7878 8137 7393 5790
36 4094 1097 5860 273 769 3167 8564 6044 789 7314 1640 8902 951 4384 3354 9089 2745 4787 8440 5556 714 3231 2274 7082 3684 4612 7897 2097 2655 8240 2879 2002 5784 5454 79 1086
18 3629 1305 8670 3767 7003 8248 6050 5030 644 3019 1906 1643 9568 6177 2868 7603 4192 5127
30 9752 3869 311 5954 3451 7342 9981 3663 8546 6363 3977 4997 3878 806 3670 6588 781 5135 1329 8579 1611 8441 1249 2035 5274 3026 7416 1892 4315 5538
28 6670 29 3444 700 7064 4346 6783 9020 3546 9003 3855 1105 3338 894 7966 738 1183 4950 9708 8467 9849 3206 1935 221 7202 7996 5836 4978
41 1757 7952 3030 6767 6901 6900 7186 8739 109 6420 4003 7434 1843 4882 5698 1655 3403 9357 8026 8574 8419 6728 6436 4634 3981 4942 1886 7735 9822 4152 4265 4680 9746 2830 9193 4813 7144 2698 8221 6761 6828
19 5440 6961 8675 4601 3321 3774 5570 2844 8427 9443 858 3106 7290 648 6242 8311 4277 6997 3871
31 9514 222 2571 2008 4788 1227 658 9864 208 4101 7512 8617 767 7490 3098 6103 7352 733 6940 7006 6528 9739 6075 264 4174 6635 1092 4425 5077 1805 5688
27 563 8973 560 4481 2187 6357 782 6283 8416 6905 4119 3155 5919 9509 2494 3423 8381 4448 5266 1044 2080 49 859 1244 4732 302 8654
14 7657 4494 4894 7227 7671 8810 6230 323 7264 4501 6606 6715 7489 2853
45 8708 4435 9619 9626 8698 9698 3564 9305 7141 2788 7864 457 9503 6450 8713 7574 141 640 1913 4150 9322 7205 1255 9949 1289 7354 6709 8738 6443 4110 3485 7447 2367 5917 2631 5630 6691 1798 4531 366 7985 234 9555 3664 9309
30 9847 9283 9581 2327 3457 6843 666 2184 9018 1443 2335 3079 1982 670 9039 8366 8525 1171 4459 2139 8140 6759 6448 108 6158 8908 562 4568 2786 3107
13 9913 502 846 1634 267 2831 5267 3439 3760 6644 2030 9606 5592
8 9976 3654 5858 6609 23 44 2170 8499
15 4078 8342 7716 3246 7590 6632 5144 9203 5987 2175 1056 630 6545 4332 452
37 8310 9888 1005 9979 957 5693 5027 1323 3176 6263 5425 8426 4493 8421 4398 989 2898 7679 1325 40 3992 5908 1541 3081 3504 171 9308 9174 4707 5512 5109 5494 2764 9119 321 181 3517
35 303 7040 8703 4495 8179 1414 7687 3333 2748 5049 8254 1588 8029 9199 8338 507 7691 1081 1937 9872 518 6036 2308 2343 124 2496 748 4633 8515 2301 5204 1400 6124 5179 1277
25 1138 7399 3281 7911 4536 1438 2838 4583 8277 873 3292 5532 4092 7411 454 5984 7089 2440 8837 5949 2593 9099 7100 1881 1547
13 7013 8345 85 9381 6274 7921 3272 9624 3728 1849 4339 5953 2090
30 9707 9216 6649 9187 19 8587 1512 6913 9109 5491 7682 7636 1859 9177 8560 1098 7267 524 1682 5763 8064 7139 1606 331 1788 4272 6335 8888 5563 7133
10 7861 372 3103 2912 3253 1888 9935 2278 2736 7376
27 5192 7913 5359 849 6927 3531 2333 6279 9980 7770 3754 4566 112 3351 7498 4082 3187 3330 9875 4518 866 1645 9955 6895 7789 998 2243
23 7463 3578 5679 5913 8981 2192 4584 6416 7012 2085 6948 2636 6791 6790 4176 4513 7348 1661 4284 7295 5130 1801 7696
3 3696 5815 476
20 4377 8518 734 4948 3311 4648 3409 7637 5535 5818 3579 3602 529 7737 8209 5400 6155 4074 774 8253
12 6412 1040 7468 712 6464 5095 7402 3819 9759 525 4269 1758
35 2949 4379 1993 1269 1773 409 5626 1792 8989 6647 9702 9105 2468 3163 2144 7099 5986 6264 2186 5677 6315 7371 7545 7083 1490 2475 9446 6461 9390 5364 759 5944 9176 5874 4185
18 3442 6831 2020 7640 554 4066 6485 7711 1192 8394 4517 5544 1878 9794 2258 9488 7192 2814
15 6403 5756 5678 6380 9628 2075 3773 7812 777 9062 5810 2561 641 5597 1288
12 3156 7119 7293 5902 5387 8262 5245 8786 7810 4720 9680 3202
4 2384 7194 7672 4301
19 9393 24 3693 7020 7346 5250 7065 5317 3635 243 3503 5013 8781 9257 8048 1654 3959 4203 2586
27 1515 8640 4098 9523 3667 6139 8965 9392 3331 105 8067 4106 829 9222 7723 5349 7538 4237 9076 1172 7814 1898 7315 8363 8222 4393 9290
33 1992 297 5402 9411 2603 5881 7198 2512 2915 206 513 6634 977 1835 2857 1564 9574 3789 5608 4351 152 6726 8245 446 7480 2223 7378 4540 3224 5294 8163 5760 5078
9 6807 84 61 9901 3049 3358 8231 8969 6960
14 375 6160 5343 3005 6607 9011 2511 306 4811 9115 4350 1360 7606 431
23 8329 5598 1664 1194 6189 2589 2605 9477 1685 7847 7197 7562 7081 6238 7359 652 9059 9438 7221 163 8891 1542 3035
33 9140 5381 2429 6965 4090 3640 1625 1605 4781 6168 6053 8614 4940 1324 35 5662 7762 3597 6181 5864 5419 8050 3247 2400 1946 673 2849 5002 5131 4925 3028 1327 3153
28 6706 445 1833 1815 1447 3826 739 1874 2209 3370 2246 6581 7510 7817 5019 7886 4403 2909 6841 7961 9034 3350 7305 8340 1087 1204 7405 6524
36 5717 7318 3239 3245 8458 2507 8323 7546 7572 8848 9182 4880 6601 4170 7787 3462 7211 716 544 8504 74 3277 6386 8288 217 8097 7280 2485 2226 4900 2836 9371 6112 8526 5618 6690
16 768 9090 7319 6529 8915 9654 315 2711 7690 4593 3802 4376 1580 9297 993 7110
22 2869 4829 5382 2649 8598 8291 1854 9021 1548 4576 6022 5549 9719 2579 7338 4116 4909 9781 9448 5988 9931 1507
17 6115 55 1978 3647 5384 2189 2328 6142 6388 632 6577 7419 229 1093 2540 729 6300
27 568 6633 6456 7891 7373 4233 950 1879 8791 6985 1676 8160 4278 1121 2916 495 9489 4773 2024 4943 3399 2823 8082 5325 9650 8267 3586
18 5406 1563 3325 6818 3906 8111 2533 6086 4721 5786 971 3000 4971 2752 9599 5896 8607 925
13 1528 610 2828 6502 8787 8302 7210 8967 3536 5687 2145 1615 1950
6 583 8184 2128 4347 7316 6190
3 6321 5475 2528
27 7877 5222 6269 3410 4260 8435 874 8020 4194 9128 7710 1777 2673 2230 1062 636 938 490 4055 7389 6240 7626 7072 4974 2099 7 9472
24 6424 6912 2132 1179 3062 2557 3940 509 3293 5094 6511 6397 6432 4218 8625 1641 1366 5923 1514 6246 6492 1837 3286 9525
11 8578 2480 9341 6567 6548 3300 2552 7842 2978 9181 5979
32 7229 7188 4475 6150 1908 417 9046 4953 5214 9947 2927 9065 66 4677 2122 618 5268 2086 6727 3074 6270 453 4831 7408 3864 9600 4922 3240 5753 7044 2326 4129
2 2418 7678
17 4586 1332 3008 2714 8783 2401 8425 9805 4661 9602 3680 4405 245 81 5914 129 5071
3 4644 3539 6349
29 6694 9405 8484 1609 3236 6110 3147 5008 8601 8855 2856 1743 5701 8833 8665 2043 7425 9662 6661 3484 5401 5257 2307 3132 7918 4641 4691 955 2554
14 219 2176 6154 5789 1753 1291 7216 6194 3070 5148 5828 9642 7460 2914
13 8271 6794 1883 9347 1384 696 1973 5155 5062 7098 9163 9863 7909
12 6361 2531 477 5727 4706 2791 9768 842 9452 7948 9569 1823
17 1794 8213 1784 8932 1630 4437 9544 5654 5369 5554 7927 498 2881 1453 9429 7256 2053
35 394 9166 1170 3596 9985 8464 7174 6924 3601 5808 6825 933 3685 9837 4470 8687 6043 1331 21 2065 3171 4856 7332 2863 7593 7669 8282 667 2905 4697 3383 8375 5068 5408 3069
5 2296 3197 5991 1744 4321
18 3708 8998 5959 4690 4453 4845 6707 2340 2817 6637 5430 1157 7767 7904 8802 185 5707 1216
10 8227 1582 7981 304 9145 401 6911 1614 5587 1868
20 4877 7320 9996 8449 2641 7975 8573 1674 8521 697 210 8285 9282 9483 362 2488 8226 1731 7527 3880
26 3527 5227 5358 1734 5990 2681 4352 2330 1203 3428 3433 4144 3299 220 7152 3996 2063 8716 416 1234 8461 9277 9331 6559 5198 8865
21 4873 2297 6910 8918 6856 592 5350 7497 576 1270 103 4751 528 3076 7154 9782 7783 20 3128 7002 2658
12 8149 6135 7325 932 9279 1851 2202 8197 4766 7989 579 2816
17 8630 1492 9406 5393 2293 7779 8493 8807 7907 5101 6951 4870 9170 8513 153 2229 6018
31 5218 2424 1637 3990 3849 5856 482 3148 5955 4575 8128 3732 7580 8774 9666 9964 5158 6907 8348 589 4847 2832 8828 2201 1712 7170 5960 5048 7673 73 3941
23 1228 1406 1852 6457 5213 6404 9137 2123 2425 2212 7291 9040 8780 1484 5974 8942 4215 4785 6775 8552 3576 4108 9005
32 3918 1372 3651 2422 7129 9463 4255 6851 6989 1106 9457 4163 8644 6218 4629 3905 7016 9009 9957 4524 3902 1124 5128 3427 3059 4928 2936 7688 8430 5460 8012 7855
23 4984 2536 3951 9473 7357 8158 8410 7934 95 3047 1386 1272 2937 8506 5695 6593 7924 8428 1603 7809 5272 6889 7105
36 5615 2233 945 7585 2026 9640 6340 8187 2482 9262 2967 617 2754 867 5045 8494 3038 4550 740 4777 5211 9460 6937 9001 2218 1063 7486 7386 3440 9243 6586 1925 6955 1173 5819 1905
28 190 7156 6884 6200 7196 6630 8079 4944 2505 9012 659 9482 9225 1762 5099 3568 7547 2733 4234 6886 9125 809 7239 1594 2689 8364 7586 9765
35 3540 7553 5487 3317 8021 448 3830 146 9819 2250 2518 4990 7874 120 4491 2048 1012 6681 4764 8755 600 9366 8592 8944 2965 1704 3978 9323 6872 9439 762 7476 6193 1829 3857
27 6745 1245 1601 5234 3165 720 2011 4558 4686 7610 1876 3946 7627 4746 959 7923 9639 2194 3832 4457 1552 441 5024 8336 8838 4374 9532
21 2166 4959 699 902 4223 4349 4794 8346 209 6703 4836 7882 8212 6982 5219 7990 6384 4553 7024 1575 406
14 7612 7287 7180 4885 2742 1689 802 439 2928 1186 1797 7456 6377 5891
40 8557 2079 3208 6752 4208 5746 248 4703 5686 7193 6255 1863 7933 671 3807 6925 9652 4221 2397 4198 8431 4681 3339 1468 8593 9783 4030 8061 5924 270 3348 5740 5203 6330 7954 5798 9971 5046 2492 4474
27 9649 2357 6304 530 4848 4225 9562 4410 5500 7686 3414 4035 2077 8772 2639 1193 6757 4213 395 11 2513 8164 4906 5674 2236 905 8047
11 8290 2147 9104 7465 7442 965 8795 5182 2523 8785 4027
26 8024 9974 4414 4467 7534 4415 5621 3968 628 6732 9597 1782 2446 6878 8577 9086 8036 7526 9157 571 9885 7708 7681 9721 8120 1658
6 3257 9459 5813 3359 3771 3688
21 8711 9232 4939 816 8597 1840 256 5389 7397 1786 815 7500 595 6214 4438 1374 6322 7946 603 8463 4305
20 6123 5743 1100 1984 7428 6004 9251 9732 2567 9358 8455 8997 1131 8572 706 746 6212 5175 1540 9499
24 6329 1024 3329 3891 1002 6460 3915 8554 1154 3404 8027 7753 1836 6568 6180 9124 7423 7051 3023 2843 7303 6295 8100 9854
22 5948 8376 5510 328 5996 8447 3490 7792 4020 5602 2999 292 3554 69 3952 6672 6192 8192 4337 3713 8674 5275
25 2538 9191 9274 2963 6003 212 4291 128 1667 9832 5422 5170 3759 6836 2661 2799 1872 5829 1681 6512 7972 8332 4886 3656 3275
10 7230 3459 4084 854 1399 6521 7625 8898 2322 8717
19 8055 7704 6068 2520 9412 8198 5710 1054 8059 9743 7668 3795 2119 8303 1623 8008 8454 4719 8350
19 3758 7224 825 7870 5732 3191 9769 7246 5014 9612 2338 9804 5658 9361 1461 7178 369 2325 6753
11 5113 6747 5332 3750 3124 7532 397 6996 5910 6444 4471
32 627 1090 5721 3833 6034 4064 3818 8629 1260 4867 1474 880 2537 433 9074 8109 4912 1166 286 4251 8778 8060 8322 5081 727 8570 5463 9533 8199 5714 7702 3480
26 1593 2899 892 8073 6058 9071 4666 4872 4202 4819 2977 8548 5862 4335 5374 5298 3158 8846 361 4442 5073 2371 5834 7437 9396 9227
27 7116 6735 2198 442 6208 39 8413 3691 2156 3319 3487 3717 8136 4456 6488 8646 6820 9324 1486 8723 5176 3558 5842 5889 9067 390 4841
24 8586 3104 8040 4910 1628 1460 2352 3066 64 2781 3493 4871 2180 1922 788 4631 6700 3002 12 4000 5084 590 8232 5449
7 4511 6455 4112 9927 5653 5857 231
20 2006 2143 368 6378 2684 8284 8335 8202 8971 973 1091 6496 2725 1952 7781 4731 307 1446 1408 4695
23 2436 3196 1697 4154 5771 1430 8991 3839 7638 3169 3752 865 1513 8153 420 414 5333 5412 3516 9826 8080 1356 9097
11 8699 3572 1635 8104 5480 9997 9745 5461 731 59 4488
19 7575 8819 2365 6860 2434 3189 2334 4908 5096 6291 5515 9956 3415 7001 9876 2623 664 5244 2252
30 5572 8370 9559 2426 1994 839 2470 2642 3938 481 9272 2216 7920 2835 9758 7856 6025 855 198 8126 9108 985 6371 9994 2091 1390 4700 1095 9484 2038
11 7104 7677 9627 3129 3603 9954 3911 5918 7310 5811 2491
30 400 9965 1995 9543 1729 6503 3263 3477 7248 47 6360 3947 6806 46 7750 808 6874 276 8545 6219 6737 6313 2506 5490 2204 4380 3285 8638 4577 9049
17 7451 5744 3461 8462 6804 565 9030 1326 4024 5576 6081 5240 7176 8741 275 9379 2430
34 3384 8792 2382 4826 1201 6305 3199 608 1168 5120 6134 6808 4029 6619 5768 5097 1622 2841 4800 1904 6325 6226 3407 6049 2908 1938 3248 8714 8519 5110 9120 144 3033 8925
29 3160 9087 5517 3188 6550 6128 1955 7209 6615 1537 1947 2023 5329 2033 9103 1383 7939 3594 5530 8400 4936 2749 9384 8142 8110 1472 2890 1624 316
33 8566 1363 5699 1221 6645 3181 2900 9595 6739 8368 691 7145 353 2796 6772 9298 547 543 4076 1790 9230 5247 4229 3563 1549 5797 3595 2188 7374 4402 9552 7615 2746
12 5112 4200 7804 7854 8946 4363 7917 5977 5439 9454 2659 1646
10 2106 499 6066 3213 7474 261 8669 235 4892 6090
34 9851 9401 9813 3024 41 3108 3910 7323 9738 5540 8298 7337 1348 3220 4472 4964 2740 1029 9941 4762 2396 9762 7339 500 5863 9423 3309 804 9664 2469 4242 7968 2251 1452
15 5060 9691 2957 6206 3334 2787 9705 5428 7642 8116 6213 9195 9923 4068 2591
18 9306 6875 9255 2690 1252 5025 921 199 6268 833 7275 412 4806 5249 1714 1597 9458 7581
13 3424 4935 9495 6245 4011 5531 3412 3533 868 5414 4308 5331 7219
26 8979 7768 7631 730 5351 4502 168 9538 645 6966 9761 3993 8062 3666 2417 1117 7633 5133 1182 9659 5353 8689 3545 9643 7439 9803
33 4455 9320 8328 4624 5920 3022 1223 3885 3542 6705 4164 2355 1142 9527 5310 3127 1746 97 8108 5611 4409 6094 7071 9126 132 1103 9253 9437 8352 4311 9661 4268 1336
11 1251 7117 1208 174 8235 534 6992 9932 4741 1699 8825
7 1778 6904 5041 1882 2269 558 2620
32 3976 8892 6409 3114 3050 2497 1527 1553 9928 2852 9300 7724 5473 8007 2882 7798 1217 4102 2873 6776 1361 4235 6687 5905 4753 2943 3087 7826 3787 6302 8939 3969
10 5466 5089 3786 5189 3396 2305 7683 1647 3537 2660
33 6239 2074 1233 9926 6316 6584 4137 415 2809 8182 1942 3295 4477 5083 6423 8293 997 3473 3841 213 6490 9704 2884 4166 8317 6999 755 3733 3633 2806 6993 5588 391
12 661 2455 4863 5347 2112 9833 6173 8864 7513 8843 1175 3341
21 8978 6756 1206 8815 5603 4682 3039 6187 8281 5098 8305 1487 4131 7583 7624 4005 8452 3337 5508 1202 3797
14 8203 2657 8157 9815 6141 4830 2288 101 7863 8216 5676 2300 5225 8543
34 6164 1869 1240 9586 428 7191 643 1104 890 7120 9729 4776 3058 5262 4688 9440 3372 9894 4004 903 9506 9618 3387 9616 3706 2685 2249 3001 8275 3662 2238 9915 4018 2521
29 4184 6410 5295 2741 4613 9144 5303 4664 9871 9385 2439 8353 1264 4947 2713 3846 4638 8697 9575 195 5703 9772 7591 393 291 9898 2609 7472 1293
10 1030 7406 3510 6338 3614 17 6289 8811 1298 7147
17 5890 5636 2717 2110 6272 6437 9634 3499 6140 3210 3949 3256 3342 2237 451 8771 9693
25 200 2566 8588 9806 6538 832 3615 9492 8695 5082 5562 8478 2723 1373 2872 5625 226 4567 2730 5149 5778 2595 5415 8744 3971
19 3989 1267 7867 1503 9631 9252 1236 5681 885 7925 3020 6285 6986 5659 6723 2929 3254 9217 6676
23 277 2626 4630 2780 5712 9135 4404 8860 5193 7778 1695 7153 6174 9399 8270 3464 1748 4054 662 5435 5264 9123 3064
30 4833 4109 8832 718 1177 8035 2304 2984 494 2979 9368 7971 1629 6854 2360 5635 7659 1678 1083 6810 7095 3926 4926 5731 9942 6045 3369 6701 6273 9387
23 7355 7149 515 8992 6006 7418 1391 8621 4155 8928 9877 6628 3195 7765 6995 6564 5634 1488 140 9531 6339 6507 4077
9 9316 5983 6668 5754 8663 6401 1462 6355 6314
18 4196 5887 3779 9830 5507 2981 4532 3974 1297 1846 6167 1302 819 7328 8496 9529 6899 9520
22 9469 1313 1830 6879 3955 6347 1417 3660 764 7571 4674 6796 7721 3769 8751 1663 5647 6500 6569 7964 5125 4399
20 3362 5417 3474 3701 6589 2406 8476 4748 3223 1571 5774 4632 6046 4303 4998 5202 7138 4755 8612 5390
6 3092 3821 4421 3105 2573 7391
22 6307 8309 4673 2167 9286 5656 3541 2973 8970 967 9002 2054 7167 4356 9963 1956 2376 6079 4509 4091 616 1740
15 3068 4665 6922 6029 7172 9549 102 2551 1529 884 6847 6600 8606 3204 3378
12 6296 6536 4657 2235 7034 7364 3842 2751 25 7063 8558 2866
20 7648 4980 9045 1500 7000 8940 3904 2323 5888 4496 2648 7394 8917 9006 862 7796 909 6522 6578 3491
19 5748 9869 6474 4207 3366 8155 3073 6744 2896 6225 5178 8732 205 4976 6881 4079 4678 7123 7611
15 7372 435 6012 9944 4450 8595 1910 5684 6921 7453 4052 3488 5432 8540 1510
26 1970 8868 4938 9042 4326 8243 4331 1101 4807 6864 2407 7662 9444 9212 8852 7121 7106 9541 1107 2692 7540 3238 4606 2529 9990 9766
23 2782 3875 5516 2442 92 9116 8530 6216 1884 9158 1518 8072 4916 5163 9407 9900 1656 4014 1061 1129 651 8641 2880
19 150 4482 8784 164 2105 6698 7135 5941 9889 2057 3722 5123 1130 9237 1566 5168 964 3353 4417
17 2539 8434 4507 9925 7519 4837 8919 3766 3180 9494 165 9215 1001 1207 1043 6364 840
17 6765 780 6293 5437 8500 8800 3854 1299 8481 5610 1747 8039 4012 9989 9841 747 1140
21 9078 5205 6718 4048 7630 2596 6622 7130 4486 6130 4114 4498 5822 1080 9660 8704 7035 8943 7943 8174 2617
21 5307 9751 1346 6523 2453 3465 5452 5708 8550 7507 2501 6176 5715 8627 1781 5228 7511 2302 4808 3041 7600
22 332 2261 3420 7086 3783 2578 1281 5764 3782 3258 8952 5140 3592 9998 6696 2678 184 3956 3577 6477 8623 807
26 8207 2056 7884 7535 6716 1725 9950 7370 7727 3432 8511 1960 1450 214 5484 1850 139 5590 8906 5321 2344 145 4261 2131 1772 4580
33 6202 4088 7102 3054 5124 2663 8485 8742 907 7843 3970 1598 6083 8933 2025 283 6777 1696 7848 6299 8729 5759 7470 3322 4864 4729 5791 7251 9069 1579 9354 8423 4013
19 4717 1539 6089 8307 5999 6027 2842 3897 9240 3201 5 351 7031 8508 983 9878 5788 5063 900
34 3991 7430 6984 615 8682 922 159 1355 3102 6346 2404 9882 2547 9644 3323 9490 6204 889 4322 7107 8186 1187 1632 9248 6092 7786 1616 2925 6918 8141 6358 3184 2677 7228
21 5282 6220 5816 5212 761 2731 9678 1804 6013 5557 5593 5739 4316 7454 6382 532 389 1085 2953 242 1285
27 5541 5957 8093 8835 9657 3194 5952 2585 3636 9570 8645 7208 9106 1709 6495 4430 5420 3142 2027 8661 5550 4551 7039 6626 6616 2820 6964
15 3017 9613 284 9897 9497 8339 508 3776 3075 118 7743 72 5911 4329 722
24 3426 5017 3453 9118 8037 8951 2140 8505 9167 6684 4559 134 7745 1596 9725 7137 4573 2612 7244 2010 324 1333 7382 750
28 8382 9382 3921 3966 7685 8085 1239 8094 674 9836 1774 2362 5909 694 5102 8565 337 9161 3431 4972 9609 4522 7776 5051 1966 4446 5280 3612
10 4080 7444 5103 1821 8885 8528 763 170 4790 9304
33 7249 7446 3566 381 2952 6749 4115 6652 9101 4297 3895 6078 6413 5700 387 9983 5061 2154 5904 9946 7550 3217 7326 2871 8977 4212 7652 6673 2637 488 8304 1060 3458
29 4761 7557 3583 4285 5169 4245 1197 6729 5076 7663 4884 5092 9880 6829 3917 201 2427 3419 4859 6976 8096 9767 4216 2210 9168 8613 7978 9024 8280
17 3381 7962 5729 6869 4238 736 3624 8655 2069 3162 9427 13 6099 5485 9786 2604 4783
33 8351 3816 3866 8747 3083 376 475 9156 657 4734 8510 8105 7587 3449 5104 77 824 3434 5470 8985 7160 4487 4462 6233 6754 8409 5269 6074 9591 9296 430 4145 6278
16 9744 9557 2000 1755 8990 949 7595 7380 1123 1787 8788 1274 8503 9025 8921 6390
21 5285 135 4228 4869 6261 942 6356 4099 5495 4209 2479 6344 357 133 4625 1152 125 4025 2646 701 9723
15 6125 7085 9795 98 7602 3112 5371 5492 5772 6781 45 2666 4165 8276 5821
30 6265 4246 7312 2245 1723 4587 9138 1721 8273 5799 2790 531 8058 121 5692 2861 7949 6171 3844 9594 6320 5072 7084 4178 2616 5423 5348 2196 5159 797
27 1276 3632 9735 6399 629 2600 9276 330 2525 9934 1911 3896 6353 928 9110 5313 8584 4368 2895 9883 8387 8206 1812 5633 3863 6311 7951
22 3557 1508 3232 5344 8244 2291 9972 2645 7187 684 1525 5088 9413 4812 4757 5599 3856 944 7349 3043 9690 9776
18 6711 7666 6842 9164 8042 506 1146 8344 654 2962 1268 2858 1858 7751 7390 5044 9013 4987
29 8448 935 5069 7912 4503 6832 4709 350 1476 6375 6504 279 2956 4739 1096 6972 7199 7893 2708 7096 3922 6599 3626 1793 784 143 2961 3048 6011
30 5757 3411 7243 4028 6076 380 1733 6969 1891 3534 2667 8616 4250 2994 5852 2222 3935 6612 1638 3040 2707 4589 6166 9197 5928 5467 1084 2888 8411 7559
11 7255 1986 5711 1422 2885 4227 4699 5663 2346 26 2358
24 5090 6430 2207 3502 294 3623 4244 7698 5160 189 3494 1396 1979 8107 2454 5462 960 8180 5750 9010 3349 8165 3324 4996
28 1200 6942 3605 4050 9681 6638 4639 4107 6762 6106 1639 3137 1458 3738 8081 8347 4889 6866 7658 5365 4375 466 637 7288 2321 653 7215 4042
16 4875 956 856 5892 6814 9450 1745 9858 7684 4361 7368 3899 5867 4191 1691 7950
11 533 8219 3585 1102 8379 6719 7232 1523 6484 4449 2758
29 975 9696 8133 3398 6402 9684 1181 3735 1415 987 9000 6422 4125 7552 4992 9748 5660 3308 7639 1028 8234 1379 5657 4620 7469 2629 1156 3975 2185
13 6547 4973 6967 2653 7150 6319 9784 6116 9239 5741 8668 752 4818
30 2399 9757 2570 1491 5107 354 4366 7169 3190 8194 2272 1428 6223 7857 2443 5004 9389 6755 7872 2137 5781 7157 4640 6368 3715 6990 7185 7667 6087 6750
16 2783 4520 2264 1265 9275 4464 9835 5085 1964 8805 6621 3388 1225 2848 7302 8308
17 7876 9289 2651 9610 6805 952 7746 1429 7777 6407 1583 4330 9113 8911 8516 3437 3827
26 4153 8856 6903 9712 4615 704 7477 1660 821 1309 582 388 698 8135 2756 3356 6109 7124 1483 4313 4993 9051 8460 3298 9764 9374
18 655 9349 6297 3553 520 4621 4222 3628 5271 5752 1068 5589 6725 6323 3591 8523 8152 8301
24 7236 419 119 6563 7092 4372 4007 7278 4396 3205 6041 4636 5664 151 6928 1711 687 619 7771 8139 6935 8043 948 7937
11 3200 665 57 4411 4465 1007 1141 8269 6294 9829 7487
7 5777 6021 7579 8412 1215 6082 5982
15 8803 9464 8173 7732 3793 7613 4427 8398 1158 1577 5937 4795 7163 6981 906
25 4920 6186 8653 4065 8038 2174 8691 5785 2205 883 4881 8845 4378 335 7200 548 4189 7845 7395 82 3126 9668 1226 5476 6675
14 3544 6742 4602 8831 7284 9699 5496 9697 4183 3094 3456 5121 1751 3749
31 3739 9100 8694 8827 895 4224 6406 7879 3761 6366 2040 9378 7222 1388 6231 4505 5594 3214 681 1567 1076 4684 5823 2433 4747 4424 4418 794 1653 8797 7036
25 8816 8766 3740 7692 1565 1644 6648 9064 408 6953 1116 2712 7330 9028 4262 5397 8964 3150 9434 176 9775 5363 7828 148 5884
26 1997 497 1496 1263 7811 2115 1504 1436 8004 2173 9539 5105 7543 972 7047 2810 7518 5100 2980 2807 8619 3837 1479 6994 3929 8861
30 6069 5668 9620 3879 7548 172 7479 9364 193 6885 7301 3345 8551 2613 9734 4658 4768 6253 4201 8399 9966 581 1185 2779 5776 411 7820 2019 5047 6919
27 3375 8681 4659 7554 753 3036 7729 5709 2359 6462 5642 4893 1164 356 4565 9032 2197 919 5283 8015 5022 4726 7054 4364 3711 6152 5434
32 8146 6710 1873 982 5012 4063 6331 6882 886 2753 6587 30 2958 9785 4595 1999 1125 4512 2630 4647 2500 8483 7238 4956 7995 9787 301 790 5035 5631 9317 8648
19 9254 4782 7190 2041 2982 9171 7309 6280 7805 9645 872 3071 9189 4702 6770 2940 1887 4383 5973
15 4733 3445 7492 7816 4834 9179 425 7148 2997 4317 1961 5270 7676 5474 4298
6 5566 2934 4705 2686 853 4887
16 7567 1550 6392 7994 2919 8609 578 7078 7075 8162 6534 7974 8278 7042 4348 6533
24 290 5719 8575 9419 5036 6809 4485 5453 7448 4031 3082 2290 3007 6939 1820 8169 3967 4786 7560 6055 6105 9053 6543 2709
29 2992 9314 6023 5503 9265 4605 8956 9165 6746 8159 5074 9027 6165 6680 2160 8470 851 8927 7675 9480 5755 4660 4019 5328 8365 9465 1149 8251 7784
17 9625 2409 5263 830 9134 4585 9133 3524 5553 5141 4564 7350 4570 3954 7008 4040 2363
4 511 7464 8875 7482
27 483 1627 7253 5409 6526 9912 177 4888 9228 2760 8316 3979 8779 5167 2364 1283 9653 625 8315 9206 2450 2005 3063 6351 1894 432 8196
22 656 7277 9202 5291 3227 6491 4274 9908 6908 6655 3161 8721 4609 6095 471 6145 3683 1128 8948 2847 1701 9749
19 5477 32 8955 6244 7387 2095 403 6771 1985 4588 1442 4180 7087 5119 8884 9339 9172 3346 1254
22 3840 6498 8768 8995 4617 6098 9537 7697 1595 2526 2089 8743 6281 5166 7819 8844 5217 5355 3363 7736 2772 9914
6 5620 4141 1381 9933 2044 2951
11 1963 4957 751 6222 2374 215 7122 7343 4977 5749 831
31 3972 8034 992 7922 5627 2652 5803 2558 3648 7769 4358 7502 8926 9420 3894 3939 7551 6156 2950 6552 2582 2155 8931 4097 3914 7184 3522 9792 4341 7057 9281
23 9512 4205 9273 5962 1831 9054 5564 2248 9724 5548 9741 3924 7960 3610 2804 2553 6256 4275 7839 6373 6959 6035 8722
34 1 5187 422 5853 5584 5783 4328 7068 1004 3907 7296 6326 4805 2924 9268 4710 1957 968 917 53 2369 5033 429 3551 1636 8006 5930 7112 3858 4354 5575 86 2208 4186
19 9511 6438 1557 169 7494 1143 3788 5164 4963 1730 1205 418 5845 9007 3835 2968 9747 343 1242
14 266 378 4862 8529 2395 646 244 5844 8793 1071 3446 1965 969 9740
33 3616 1684 3051 8167 5838 4441 5279 572 7525 7384 3657 2901 1761 4902 9498 7313 5805 2587 9663 7023 413 4896 8491 7905 480 8522 3113 8707 107 5775 1848 9796 1425
26 6575 908 3117 2383 2452 2042 9159 6556 4578 3674 4850 1535 2763 8255 2317 6666 6287 8859 4672 8636 6958 2421 5697 5407 296 7281
30 2577 1222 6026 8671 8118 5043 9033 2045 2377 1008 6178 624 2546 6897 754 5966 8763 3336 9403 4373 4287 7853 5585 4923 7623 9312 2502 3965 4554 2224
25 5539 7628 6182 5866 8937 3721 4117 929 1199 2345 9072 399 7179 7271 1763 1933 9588 9502 6667 4626 3718 811 6890 5443 2544
14 3270 2464 1319 6184 5671 891 6553 1811 2158 3151 6991 2516 2865 3134
27 2181 6398 7203 8151 7808 7276 4300 4623 7712 8063 9376 4232 8218 7844 3283 4619 6100 7308 8002 2801 5831 3998 2728 8541 9184 9250 2618
8 8071 2767 1919 9365 2638 1120 9711 3836
15 6119 7438 1023 1533 6640 1049 5209 6731 3280 6664 623 4901 9522 4197 2530
3 4704 5091 3848
6 2060 3435 8306 6441 8893 3781
25 1465 986 9209 1169 514 9151 7501 127 6597 4824 3707 4086 9706 7462 1671 7620 9455 5946 115 5840 1572 4904 5817 702 8122
20 4914 1294 2930 7162 7344 8667 319 1470 5026 4344 8851 7898 4419 2918 9343 3486 5787 4541 2824 2669
8 4652 5830 8761 826 1376 8319 4445 757
26 5601 9410 633 1256 4552 6579 1532 8610 4675 3085 8188 537 8325 3599 7260 3661 63 7822 9056 8286 1694 6217 926 1174 4057 9831
17 2178 5724 552 6336 9896 310 9843 3876 2294 966 3520 3526 2182 1526 8712 7257 6288
24 100 7759 6009 2954 3469 1738 161 4989 4236 6975 7726 5747 4692 7797 2493 3642 38 5277 5346 631 2259 8633 1698 2487
26 1046 9647 1110 7730 7764 9641 3784 8764 4219 5929 2535 5872 9592 7932 1816 4051 9518 4466 7030 9791 3441 5055 9656 5876 3218 770
21 4139 5287 1509 6062 6962 7987 7516 5583 1045 1094 3508 7930 3634 5126 1825 1585 5935 1153 9467 6434 3380
28 8236 4544 7245 300 7558 2969 9284 1934 4628 2765 2850 7604 689 4044 1317 2911 2028 5053 4146 5142 1385 3301 7168 1259 3652 8078 5273 3014
27 241 1349 8190 4089 254 8830 8017 5210 9333 9234 3757 7871 3509 8749 4890 5066 793 7852 1219 9350 6209 2287 4188 1822 1958 4296 1562
9 4318 2776 6871 6893 4555 9962 8615 4070 8330
6 3057 2473 9044 3297 3705 7641
20 8445 2171 1480 1282 1871 3454 5314 9870 6823 5943 2700 7029 1229 7050 8777 5950 2255 6853 3413 8594
10 4645 9846 9394 8028 9070 65 4443 8974 2445 6063
18 9037 348 871 1902 9992 3211 7806 9264 4043 2680 6679 6211 2471 6798 8765 1161 2353 835
25 6048 3958 1079 1631 5238 7010 1752 6359 6056 1047 3847 3261 5728 3429 2068 9665 8839 914 4676 2347 9147 605 424 9178 9336
12 1845 9475 9035 3778 8809 4499 2228 5050 8553 6614 2133 7524
18 233 7635 1368 7755 8531 4389 6891 2403 1818 1795 6057 8084 3448 8327 7074 9259 5293 2862
17 5751 6196 8555 4607 6247 516 4642 9141 5305 4394 1679 3689 6362 4081 6549 6047 9515
31 8854 4171 9375 1311 106 1521 5933 8266 5527 6920 8099 9073 8390 4789 4730 9895 2672 1648 4444 2195 1351 8076 2775 4967 6760 8405 3872 1261 2312 6271 2564
20 4854 9617 1864 6248 3997 15 8289 4899 7967 1702 5479 347 7032 8600 9780 7850 7705 2615 8070 5173
20 6101 5366 2556 5622 285 3621 5308 7542 2016 1320 6129 8762 5506 756 5961 392 749 8106 2508 8850
10 5433 6537 2706 1330 2126 3225 9760 4735 5499 7059
19 8112 4986 5241 930 7041 7066 711 2366 178 2179 2386 7274 67 5969 5616 1147 8044 8123 4803
13 6024 7916 9263 9075 9288 3466 4907 8450 546 2906 7592 8074 6527
26 8367 9242 8804 6896 8652 3393 8101 8953 3851 3271 7599 6883 6376 5258 5165 2101 2757 6688 6936 9148 3390 9214 6623 4324 9967 2169
9 2217 6133 4913 6868 586 1861 693 359 8596
18 225 8876 9564 8300 7715 2108 9655 382 6085 9566 8025 1756 9348 7292 771 9884 1463 1626
27 8259 9742 2802 1232 5009 3798 230 6452 4533 9442 3212 449 2062 7175 9688 5851 5151 2855 4367 5846 7818 7617 9887 1295 182 3741 2625
26 9576 5375 3785 8018 6566 2766 9508 536 1767 1034 9092 9593 6117 7969 2437 9414 7644 1321 4548 9063 4556 8386 1677 869 7481 5224
26 660 7901 3530 9082 6391 7080 282 6778 800 9080 9667 512 9431 3182 9730 9553 9293 5216 160 5773 4231 2138 2286 5542 2096 9811
5 8191 9127 9019 6372 4483
20 5628 1494 9948 3482 8945 4270 3874 897 6374 7935 8334 5052 7327 4440 485 114 3392 1618 6555 3367
19 9710 4713 772 2121 6902 1981 3751 1666 4745 7910 8895 7181 5560 9057 8569 1280 4273 3903 9476
16 8642 3513 4696 9812 4105 6659 5907 680 2370 4248 5122 5958 7417 6483 1069 9360
11 2696 4034 6784 8176 5702 8585 3230 4952 836 5669 2983
8 8403 91 9842 6237 1912 8373 9436 7206
20 9068 6618 5782 5725 6839 8214 4045 1741 5391 9079 2948 4168 6010 6539 4022 5604 6867 6266 1732 5230
14 4021 1441 7171 9186 2987 5871 5869 6702 4769 7720 2152 78 2113 8374
13 6643 8806 708 5070 4924 7220 83 9496 278 7505 2854 5171 8402
23 5766 1250 1511 3326 1943 5567 1710 3867 3999 3416 8746 5561 3027 7875 9211 7027 8457 9622 4199 8724 6827 5147 204
27 9546 896 2665 374 3203 7048 8312 4832 3173 4073 6312 7407 8916 7531 3930 9683 5385 1519 5577 2003 1953 4161 1026 1736 1722 3172 9753
25 9737 5260 4798 1568 6519 5534 2341 1819 4857 2931 5882 678 3948 28 6224 4934 51 7241 8013 4670 4267 443 3344 8740 1136
8 8882 5837 1768 8968 9648 6769 58 8677
23 4017 2527 2415 9478 5040 4204 3550 4429 4407 7101 5302 8215 8014 8706 6787 911 8053 4193 8451 6624 8337 5111 224
22 6639 156 5994 6179 3799 2607 9694 7231 3498 8904 7037 9441 5877 6309 9500 3800 5236 3889 6136 5248 778 7899
22 1613 3532 4130 5847 5021 8125 8935 333 9844 517 5793 7945 3018 1916 1337 2822 4252 8658 3780 8488 2032 8870
19 2385 990 8984 5792 5824 1364 2565 6779 2938 6114 4135 9867 954 7201 7584 2168 1673 8417 3638
22 3775 5579 8737 377 3986 1914 7009 4858 8250 2955 1165 2894 5518 3056 1617 5065 2569 2550 7053 8124 5311 4124
22 6570 9466 3675 396 4247 6677 6197 10 6785 1466 870 9788 9122 4765 9491 1806 8734 5162 7722 5342 9567 1652
14 6132 3099 7761 2260 8193 4654 6713 8571 8468 7052 2389 9201 479 1813
13 7263 8938 2270 7629 3845 3673 5879 9607 6682 8605 8726 3886 3402
11 4966 1109 4256 8263 3843 6120 584 9152 8437 7362 1559
21 1968 8272 2107 649 3859 2989 5154 379 6855 3659 5288 404 3004 8172 7055 274 1728 2114 1987 3890 410
8 3729 8975 6792 2995 5316 8389 5446 1439
17 3364 2675 3228 5915 9319 3135 8031 8299 4210 8958 4148 486 7189 7496 4861 8384 1923
7 775 1862 459 252 3450 1700 492
18 4744 6850 4353 3561 1016 9447 7177 695 3736 4175 257 7892 7412 2606 6107 6348 3838 4962
19 8378 5713 8719 2532 2727 162 5609 7752 2391 4780 1133 3460 8999 2289 705 1454 1195 3860 9430
9 9481 5899 2292 6909 2315 1844 6795 1306 3950
25 9561 4355 6865 5221 8220 5880 8988 2037 801 5921 4461 7942 2373 9386 6838 8794 3355 4333 7530 7079 131 5873 5644 690 7283
23 1189 3122 2220 5835 6345 7573 3765 2504 561 4810 8954 4954 1382 3235 8442 958 2022 7821 7427 8879 2499 9391 2697
23 2240 2702 2543 7754 52 3645 6042 2859 7521 6938 9204 9093 577 1420 4650 7317 6328 1347 4230 1764 56 2610 4047
11 7134 8782 9809 7488 2601 1810 320 7164 5956 6234 8824
23 7118 7988 8239 2164 2444 7865 9328 686 6620 22 3505 9534 647 7919 2811 8145 7983 2219 5431 3287 6766 2049 2276
18 7941 8257 1220 9701 9823 3157 5486 1424 510 2611 3501 8233 3694 2759 3525 5296 3887 4310
14 3418 4792 4879 147 523 4206 8103 6515 1238 5912 1972 9635 455 5825
24 3669 6161 1393 8225 2241 6447 5730 877 4809 1296 1477 8871 2889 6506 4312 6017 9521 4061 7833 5150 9891 5718 9146 9311
19 2797 3373 8869 6946 1198 4111 4840 6833 5529 6262 7046 6906 2162 288 2812 1586 5361 4041 8279
26 444 3909 9623 5451 6367 4314 9474 5537 963 4276 4608 1657 9142 4960 9959 2545 3600 6394 7242 6482 7888 9953 2993 7311 980 8582
23 9731 7837 175 4866 5878 843 3714 9479 742 8813 2354 5255 4460 4572 5767 460 5613 1014 7577 9922 3727 3934 8443
8 5405 6243 1067 7719 8265 322 3097 2273
11 6971 4195 3901 8407 979 4006 7233 8863 6817 3559 1006
5 6172 3622 6333 4802 4941
26 5116 7503 2867 1692 3862 8814 9321 6301 9213 8533 8283 1053 5005 8354 1775 5421 5396 2974 9615 491 8602 936 6573 1089 8371 5652
9 2602 5526 4838 5965 6653 440 6988 3265 1137
9 9763 5197 336 8829 8201 2886 7307 2227 4416
5 7555 2972 8987 9388 5903
13 3746 1455 7984 6379 2234 484 5023 3241 9026 3088 3791 8556 8874
25 4756 7693 542 7422 4772 3625 3328 2348 9584 6617 4903 7866 9695 1769 9978 7979 4151 2976 743 927 8372 2608 535 3080 901
14 876 1211 7830 5134 4046 7353 4701 7062 2398 7790 2242 3515 7204 1190
16 553 4113 9516 2477 2959 1907 1668 9727 1310 2837 2632 1073 3209 9310 9905 3861
19 1160 1412 9370 7334 249 9571 3141 5320 3455 1237 7331 5114 4738 3960 2647 5378 9840 6595 6518
15 4724 7445 8542 8659 7004 4426 3686 9355 7461 7541 4547 363 6947 5509 1545
19 5087 7873 3790 2846 1338 5523 4060 4669 4651 8166 1727 4100 5997 3296 8913 522 2815 3012 4133
20 9505 6657 280 8148 1612 2052 9542 8415 3438 676 7782 5898 158 3109 5800 8095 2310 598 7731 3630
16 7457 599 2467 5001 1037 1590 9096 3658 9973 3548 2098 5536 4458 8934 5551 2408
21 9975 7515 7829 2393 3710 3425 4821 9810 6102 8887 6572 912 3060 478 7646 3013 3581 3312 7568 1602 9770
21 2275 2072 4594 7614 8857 8963 2309 4033 8873 9709 776 6801 5762 5617 4226 7959 7977 9960 70 3110 795
8 9249 3178 9501 9808 2481 4220 3820 6439
20 9952 8296 7903 5481 7680 7403 8115 9435 3582 9991 1719 470 1070 5075 8295 6941 9977 4728 9714 9573
13 8996 4981 7361 4397 4590 4290 6387 5992 7598 4360 2350 5742 7713
21 5861 3133 4653 4775 6898 5356 9208 6743 6692 3269 305 8362 1358 1554 9519 5505 1467 1573 4160 9970 3562
8 461 7569 7931 2206 3421 4002 9789 1855
30 6188 5995 7894 7508 8562 7794 8872 5976 4535 2793 2768 3382 7695 2674 6697 8469 5947 5488 6852 8005 8479 4814 8866 2349 9332 5926 5596 9938 2785 4592
10 6476 934 4528 7258 9580 2876 4075 7869 5362 5758
19 5809 1433 1431 7091 1715 841 4452 8920 238 538 9672 5469 9605 1036 16 8130 2337 8087 7997
20 1475 9031 2191 3139 8692 2142 2619 569 2517 2699 5276 9984 3179 6088 6354 4723 7485 4156 638 3698
22 1459 137 8960 2129 991 6064 6486 7944 2466 5696 8495 8045 7980 9162 899 8183 4288 2211 4778 1290 1865 2410
19 7576 8798 9838 1800 8150 3053 1988 9224 1389 9077 6478 7340 814 6499 5812 5392 5637 6080 5682
19 9424 7564 4159 6389 1188 4340 202 2190 1308 7699 3519 8561 1021 4610 2490 1437 792 685 1569
20 3646 5632 3044 8446 3584 7440 37 1402 9205 3982 4263 3061 6646 334 7218 9601 6514 1599 635 8217
4 462 6930 76 1159
18 1620 5465 4249 2710 7285 4382 4190 5220 6459 4982 9862 6509 2193 5895 9210 2964 3619 8131
17 8631 5064 8883 1464 2268 663 6678 9055 7970 785 2283 6249 1703 8683 8392 3927 3588
6 9346 6276 5118 6207 9461 7410
8 458 8664 9859 1924 4266 8760 126 1555
4 1779 4293 8662 9377
12 8686 9632 8820 9968 2319 6463 5207 1398 5458 5931 3825 9637
26 1257 5770 4302 857 4515 4561 9136 8656 6414 9218 9958 9327 8930 6926 9825 7582 3031 8608 4737 8238 9590 2827 5011 298 9909 3422
20 6121 1896 130 6848 2722 9299 5559 6290 3893 5738 7094 4915 941 5980 2067 5705 2594 1301 6250 3569
22 4969 7234 365 3731 3340 5464 9658 8705 6861 1945 1119 5648 5418 6468 4797 2624 5533 3084 7358 8770 3386 8091
14 7143 2910 6915 6824 8745 2034 2947 2522 7333 8287 1370 7774 8066 923
12 2515 6582 8901 6751 2715 9583 3152 2125 8294 4771 1167 7522
20 9817 3496 9270 1075 7286 5981 3808 3598 3361 9261 4562 591 4627 4015 8849 9301 7742 6400 5354 6051
2 5441 1038
22 4895 1944 7392 8903 6137 863 5292 4801 8649 7363 2584 3365 5215 7388 5893 1074 1928 8260 6210 4545 7766 8685
14 3146 7415 4784 6987 2874 2921 8767 9229 3828 9047 4468 9041 9269 4325
14 5967 6562 5301 8534 5694 4569 3282 7998 3806 3810 798 4390 251 7214
9 2412 8986 4534 810 602 1148 1354 6470 1300
10 1785 3552 9893 8230 6631 2073 9432 5814 8098 7252
7 7915 7609 4365 2104 3973 3650 5513
2 8075 4796
20 352 3314 5306 724 6699 8492 3912 4543 4359 1058 503 496 9029 7431 9417 844 9986 7268 6768 9736
13 4147 6800 7045 1930 6873 6540 9337 4579 3763 9855 3118 6183 5067
21 138 9687 6641 6974 8143 6014 3010 7656 5139 5195 974 9856 9356 4945 570 3671 6334 1927 4823 1350 6073
12 9238 9038 1875 384 6072 7126 6229 5056 4122 3111 737 8941
20 7207 342 4539 5519 90 8976 8359 4985 2148 8709 2761 1520 1749 4240 2555 8880 9608 7069 9614 9334
22 9526 5998 6596 3925 6963 5411 5259 1394 1328 1889 1814 3521 1895 9098 8567 5468 597 8114 3687 8959 6840 3289
21 799 9219 1980 8693 6983 732 9470 8439 5640 1017 5706 7890 4571 8032 4774 2946 9294 269 9061 5547 325
11 3394 3476 3556 6157 5734 7520 7914 344 8068 2050 9530
5 6393 4104 6059 5801 6517
18 1051 4085 6203 9150 1307 9155 155 3805 7125 6071 9715 7838 5796 6028 860 3641 3042 9999
21 1716 2907 6683 7645 9881 4093 6774 370 4988 8383 2336 7529 3144 9904 3096 6954 2726 783 1427 7182 7111
24 1589 9720 1271 8033 5188 692 6625 5502 3262 1989 3704 5614 7247 3385 2381 3037 2503 5685 6005 1983 5735 9860 6433 910
24 6067 7493 6722 6857 4843 7077 1275 4549 924 8475 2524 7018 1025 8914 340 5826 407 7955 6065 3898 9198 6782 3812 8957
