8 6520 7985 234 9555 3664 9309 8874 8543
9 262 9203 3142 2027 8647 5072 9454 3275 7450
10 9702 9105 577 3979 3312 5475 6950 1343 480 3110
3 2007 3185 1285
8 9099 8248 4383 197 6350 9391 7615 2746
10 4144 3299 220 1615 6760 2998 2298 8907 4416 4865
12 7904 5627 7749 6726 2474 5661 8424 2873 3781 7395 2318 2361
10 2343 124 2496 7702 3480 472 1822 7603 3346 2554
8 5317 8875 4901 2243 6229 2625 2862 8594
5 4898 2090 5063 3120 7855
5 8452 3337 5508 1202 4622
4 7329 731 59 7700
5 6363 3347 3836 3860 8098
10 5864 5419 8050 1084 2888 5339 8980 7906 9250 1898
8 2693 3126 9668 5607 4118 2376 4319 8850
10 1480 9407 9900 4434 9129 3523 913 4320 8753 3871
10 5739 650 6534 5936 6057 2175 1056 630 6453 9461
4 6072 2449 8879 2499
9 7003 2400 8905 3186 7022 5916 707 3259 7509
3 8606 3204 5857
5 7882 5755 7402 5244 2427
5 8070 3229 7356 2307 8925
8 3905 8802 3858 859 1244 4732 302 2597
12 7314 3365 5215 259 3305 9646 4271 9123 3064 4760 2030 7173
8 2491 7524 2408 6358 3184 5788 9850 3153
11 2735 1332 115 1521 662 5435 8463 6300 8332 7 9472
12 6462 8041 2933 1071 4856 107 7667 6087 5935 1153 4277 8301
4 7028 4203 2586 998
6 881 3831 4883 6210 2905 5020
8 39 816 2703 6988 3265 6693 6487 9932
8 9509 4023 6881 4079 562 4568 2786 1558
4 3187 3330 939 757
8 3864 9600 4922 3240 8770 2848 170 4790
7 8038 9169 2968 5977 5439 1851 2202
7 6830 5343 5536 5874 7485 9117 4978
4 5437 8500 8054 4041
6 4998 5202 7138 3528 3984 1662
6 6362 1858 5772 5131 4925 3755
5 8160 2188 1318 2830 9568
6 8991 8170 1331 2276 5538 5575
4 3134 4926 5731 1731
3 1817 4476 1403
9 3198 995 5138 3505 7996 5876 3218 8216 5549
6 4303 9764 7723 3097 1730 8267
9 4996 3094 3456 4484 6934 3041 980 9227 5784
7 6548 8441 1249 2035 3975 2227 4354
9 8732 5625 226 1125 7371 1865 1258 3730 994
7 9503 4805 2924 5548 2165 3883 4841
10 9011 4151 132 6592 2312 7625 8898 4425 5077 1574
5 2881 1453 9828 9906 7943
3 7182 8013 729
10 605 9978 4968 3954 7008 5741 8633 1698 8535 1375
8 1107 1680 6014 3010 8847 3838 9811 1507
1 6834
9 2605 6578 129 8228 5390 1887 4861 4908 2130
8 6740 5679 2767 430 4267 9834 1019 6417
2 558 2620
5 2288 9750 7375 7288 9005
6 9624 3728 4589 265 587 1569
7 7476 6193 9794 1726 7731 8046 7133
10 6382 7491 4518 7215 7822 9056 3662 2238 9915 1653
14 6581 2715 3379 4397 7914 3780 8488 8515 2301 3172 796 5274 3026 390
9 1773 7241 1099 6840 5775 1848 4531 5555 5037
4 7280 1991 5033 3288
11 8239 4230 9126 6233 4522 7776 5051 7964 5125 8275 9088
6 2204 8411 8482 7044 9599 2983
3 7347 5250 1000
7 7966 738 3086 5190 5438 6492 9931
7 3508 7930 3599 1306 5443 3965 5790
7 5156 5511 6979 1001 1207 836 1452
3 5763 6494 758
11 1721 2254 3805 7279 9311 4962 2294 9940 5543 2671 1288
3 2134 8865 4374
7 264 3931 5361 3020 6285 144 3033
7 7373 7725 5854 3576 4108 7157 3286
4 8464 7560 8087 7997
9 928 9110 6704 1280 9057 5046 2492 3431 4783
1 2591
6 5426 1204 7405 1878 1829 2363
6 4924 2699 8027 8861 3180 437
9 9489 9231 2654 4994 9301 4691 955 4242 7968
9 4301 3809 3310 8751 1462 8556 44 2170 8499
9 8721 5995 7350 4570 2488 8226 1576 4662 3712
7 4087 759 6461 4350 1360 7606 5456
5 9100 2194 7831 8349 9380
11 9897 732 5560 8015 2833 9873 1044 2080 49 1006 5512
7 5377 733 4226 2251 7813 9921 8106
16 9444 1292 547 5680 8828 2391 1219 9350 8790 2373 7348 8053 4378 1210 8480 3517
5 5321 2344 9176 3978 5836
6 6724 50 5966 136 5449 6976
8 134 4517 5544 329 7974 4678 7123 7611
3 3887 4310 3857
12 2787 8739 1362 1468 3683 9243 6586 1925 6955 298 7519 8196
8 4532 1965 2274 6209 2618 8120 7472 1293
1 3491
16 2984 7411 643 7674 8621 9074 8109 176 5462 2853 7100 1881 6153 7992 1549 9637
3 613 5821 3313
7 9751 2283 1525 327 3525 2814 3224
7 4450 3767 8885 2521 7385 1074 2627
6 1594 2689 8998 9601 7105 2544
9 854 5914 8048 1654 2290 2372 2724 2494 557
5 4184 2286 5542 4292 5460
7 7318 5049 3655 2849 2066 3617 1425
11 3311 2420 6401 6690 828 8641 9971 8569 8123 4501 3378
6 288 7605 2337 6 1020 6890
8 3962 8714 9271 6943 6365 8201 2579 8269
5 8667 2778 3402 7111 2271
4 698 3926 4145 6278
10 3877 8946 4363 7917 7251 9069 1579 2145 1174 4057
10 723 6184 8313 4916 1141 7338 4116 9918 8443 2002
11 1725 7701 8550 1712 9571 640 1195 4261 5127 1385 3048
7 6169 7839 2443 4333 7530 1378 5149
6 8893 9307 4188 4897 1312 1562
6 9451 8345 9781 9448 6063 9476
12 4029 7843 7212 3195 7765 6995 6207 6349 3902 1708 5273 6246
9 5997 4745 2749 6775 8552 5198 3080 9786 3713
2 3705 7713
6 1374 6322 7946 603 3558 1948
9 4135 9867 4392 5057 611 4490 7953 5884 8012
5 8625 30 1003 7358 1226
9 3256 4786 5492 9614 9993 2628 1156 7593 2659
11 3625 8005 2726 783 9168 8613 7978 9024 8280 5682 5592
5 631 5823 7404 8091 2508
4 2147 6474 5589 3207
5 6526 7306 9356 776 3861
10 3215 1764 165 8369 1894 7303 6295 5493 8913 5407
11 7196 2110 4654 299 3441 8322 644 7781 4348 1080 748
5 2692 9796 953 8684 1547
5 8565 5179 6505 1718 8947
9 5593 2122 618 1128 6828 7533 4795 7163 8638
7 1188 8749 4902 2428 6622 9329 2704
4 619 8643 8969 6960
1 1545
7 103 3493 9937 7708 9131 5596 9938
7 8786 4330 7887 1028 8234 3903 9770
13 3630 3598 3361 8887 6065 5098 5429 9145 149 1479 6994 1157 1602
11 5452 5708 3930 3432 8511 5068 5652 4339 5157 1150 1958
8 4148 8199 7722 7295 5130 1801 7696 7192
7 7387 4514 6557 1809 6191 5817 9650
5 1666 1408 9308 3850 4778
7 2918 3247 5434 7481 5412 3536 5110
6 5151 2855 3028 1327 4296 6342
6 5833 8058 2638 1120 6185 7795
8 205 4976 3023 2843 9354 632 182 3897
5 2959 4181 389 5272 7676
7 8868 3483 5404 4337 4332 7834 8636
4 5260 4165 2169 2816
5 9663 6099 2818 818 4305
4 3828 840 2410 432
9 4647 5942 5781 6093 7980 6291 7112 2770 1552
5 3163 5953 9690 9776 1972
4 7892 1877 6467 4185
11 2863 6036 104 1754 7989 528 460 3151 3880 1437 9215
6 1691 5961 392 1825 2203 6524
7 6108 322 7073 4275 638 5047 6919
6 5604 6867 667 5399 1805 5688
15 2261 2804 697 7221 6204 8233 9742 5898 1289 7885 6384 4553 7024 1575 2880
4 4220 6889 7937 6390
9 5950 2255 7124 4453 3703 1720 3762 5524 807
9 7205 6335 5146 140 1398 5944 7938 2208 1336
4 2382 3327 3289 1510
6 5424 9318 7011 1540 2940 9536
11 171 3704 2302 3001 8206 1812 8174 4716 790 4545 2909
5 6514 8726 2322 1191 4399
9 9447 3660 2210 6702 5657 1701 9749 9525 845
8 2082 2629 1487 7559 5637 4700 2658 1254
5 4942 6869 2993 3458 3125
12 2112 5550 7835 3635 5986 6588 3287 5461 4577 1404 8100 6917
6 6181 9097 263 3369 5791 3626
8 8167 9327 6007 2224 4803 2845 231 60
9 8736 4597 1234 8461 9277 9331 6559 7586 9765
8 6689 5674 2236 1060 7382 1952 710 3559
7 6935 7292 771 5459 3279 6273 9387
8 6102 7897 3388 8891 1542 4747 4424 8674
7 380 5500 9295 9957 3812 9296 7820
5 1586 6545 1290 2117 1136
5 2379 4951 58 6631 1055
9 7253 5748 5209 6731 1472 2890 7460 2914 20
3 3749 6933 9172
12 1816 9389 1780 8503 8409 5364 5798 6423 8321 3969 2185 2563
8 3061 6646 6433 3928 4160 1277 7539 3380
7 2512 8186 1224 6477 8083 5629 9849
3 2662 447 5586
6 2272 8417 8164 5408 6964 4538
15 5619 8446 7446 7394 4852 2529 6341 6010 4451 6448 108 8939 9517 5065 973
15 2242 4625 1152 2493 3642 9841 6352 238 6070 1859 7214 2847 5467 7035 8943
9 7970 6047 3914 7184 3522 960 4324 5505 3569
5 9944 3090 428 6666 8047
4 8244 5988 948 1823
4 8124 3670 2225 8942
2 8402 8235
11 2198 442 488 9767 3019 1906 1643 3464 1185 5726 2252
6 3117 3395 4480 391 6853 3413
4 3173 4660 4019 3870
11 5481 2483 1974 291 1183 4215 2149 5832 2851 8762 2650
9 1572 505 8680 9689 4581 9756 1064 4022 9967
3 7293 5697 4192
6 1286 5436 195 5454 79 3349
2 1119 5513
11 8745 5320 7898 4419 6145 4462 5322 7069 7751 8517 8365
4 4735 7842 4054 7705
10 6012 1486 8723 5176 7378 4540 7310 4725 9034 4013
8 8767 1291 7216 2287 1127 3383 8375 2815
10 6480 6314 2945 5718 1748 4189 3002 12 9753 9146
3 2119 2633 1555
8 946 7084 1278 7869 5595 5010 7878 8022
8 7322 4813 7144 2193 8156 9674 7649 1682
5 654 7335 3322 4961 6434
5 2806 6993 5588 2755 2764
8 2978 3977 4997 4751 579 8611 1982 73
8 4884 7880 7345 869 7302 5900 7758 9990
13 2741 5214 9947 4755 5830 6542 6697 5246 281 1969 5707 1216 900
7 4163 2487 6594 7297 6509 8251 2038
7 5895 8151 9269 5912 4311 9661 4268
9 9788 9122 4765 9491 8476 4738 962 3254 4886
5 4460 3940 509 923 7641
8 448 7597 5048 7673 6481 2070 5894 7281
10 2522 7788 7651 1083 806 2643 5148 2157 1882 2269
4 7798 1217 8374 0
10 3548 7526 9157 571 9885 4446 5280 6918 626 8717
3 3982 795 7146
8 3206 1935 221 7202 3595 690 5666 805
6 19 5908 2944 101 8154 9766
4 1554 3837 6260 3886
6 1908 417 5474 8683 8232 8923
13 8353 1222 1420 1746 5972 4081 6589 6664 623 6444 4040 3012 6750
5 1155 8525 1133 9369 8217
11 4340 9518 878 1985 7484 7918 673 1526 6700 5095 8278
9 7501 4567 7871 5353 5101 1961 1966 9443 9677
4 7181 9829 7487 9956
4 938 4015 722 7289
6 3139 7168 1259 6323 3591 4241
7 3091 5924 270 431 6212 9865 7204
6 4575 2763 4719 6311 6152 4095
7 1057 4611 6546 7393 4554 6136 1038
9 1989 4212 7369 4444 3093 1164 8839 914 635
10 9586 3796 3634 4963 4077 1333 8137 9119 321 181
7 3487 5590 1454 2752 9465 3589 9531
7 6792 242 860 1788 936 1939 7049
10 7787 4167 1147 8658 1758 9854 3115 616 1740 5175
6 8016 7071 9016 6878 8577 1626
10 9455 1049 7497 5762 868 5414 4308 5331 7219 6518
17 6729 1553 5292 6940 7006 6528 3570 3726 7902 7233 5750 3405 495 2289 9390 5269 479
15 6495 2047 9279 468 4548 5597 6079 7469 2820 1841 5410 3665 8818 6458 3618
8 5626 7895 1225 6266 1732 5294 8163 4186
8 4306 7797 2201 5311 398 5044 7039 8171
5 5664 3013 4618 4904 8119
4 9979 1846 3467 2669
10 4572 7689 3529 6464 5363 7828 2623 3107 5446 8131
11 1433 5382 28 5277 2976 3336 743 8479 556 8044 9999
9 6491 8010 7815 8663 5778 2595 5415 8744 1446
12 1934 4628 7400 6500 4061 54 7083 9383 4626 9970 3562 8738
10 4872 3306 600 7910 8895 3801 7228 8838 3427 9013
11 8458 5885 525 4269 8202 8971 5987 304 9891 2253 8669
6 8784 6564 7042 8168 295 9608
14 9144 9333 5633 9373 1076 4684 2259 3998 2450 8623 4729 9399 7307 131
4 2646 7408 4127 9736
7 1041 863 3552 312 6045 5494 1300
6 1270 6621 4218 7431 4281 4432
5 4944 9949 6795 5111 224
4 8785 2817 6637 240
4 1367 5342 4103 6330
14 4249 2537 433 2942 5801 4131 6317 4680 9746 522 5401 9827 2353 6288
4 6470 3687 5463 8423
7 1459 8595 3766 5327 6405 6999 4473
7 5694 2065 8539 9821 1548 2535 2265
8 7653 5416 2588 8522 3113 8707 3478 3043
7 3980 214 3382 8076 6585 8532 2677
8 7438 3268 7423 2807 4612 2219 3825 9417
9 8272 9235 1976 204 4488 6959 4479 4341 7252
8 2517 8852 3399 2823 8082 5325 4929 925
11 7741 1092 9384 8142 8110 9061 8607 6084 336 418 2138
7 2721 3000 4971 1611 1359 9747 8540
10 9814 1158 1600 2943 3087 7826 3787 8508 1645 7223
5 7285 5029 5865 2868 6364
7 1975 2824 8626 139 3641 9304 5631
8 9648 3162 4631 8712 592 7568 8837 7950
7 964 4211 3360 5153 6981 906 1929
7 8655 2069 6769 5825 2953 9439 762
5 825 2077 8025 8504 8727
5 3359 7809 446 8528 4197
15 6902 4362 3214 681 1567 4083 3460 6779 4229 3563 5926 1086 9004 2878 6073
9 7711 6786 628 3814 4780 3956 1115 8080 784
12 9880 8115 7419 8516 8537 1397 9467 8724 2257 1082 5545 7057
6 9220 1636 7374 9545 6011 9711
6 5490 7563 3533 7257 1699 8364
12 164 5172 3141 122 8090 185 5002 6400 5354 2019 3128 2813
4 4810 1722 4923 1950
7 6131 9960 3503 6632 5144 82 5432
4 3213 4447 2049 7283
6 7536 8318 8405 3872 9025 8921
2 8718 5973
10 2018 2891 1990 2325 9618 3387 9507 2964 3619 452
9 9158 1518 1917 1798 4576 6022 8333 1139 8501
3 9780 3096 5254
15 9657 6752 8191 5120 8118 5338 8145 7644 3039 6187 4779 7315 8363 8222 6111
8 7267 2284 3895 31 7833 5150 2697 5370
10 1215 7921 4179 9351 5897 1793 6911 1614 5587 1868
8 2316 3607 2965 1171 4748 5978 2139 2530
9 3721 9492 6253 3500 2666 3884 2273 7537 8036
7 6055 6105 2690 4468 4191 6281 7058
10 4673 3059 5482 4016 6937 6177 6104 9739 899 3132
6 6353 396 2714 228 6748 8069
4 539 3354 1544 8618
8 355 4342 5873 5075 3335 7591 393 4846
8 3795 6227 755 3733 3633 4987 8884 9339
6 8395 8152 9484 7784 5653 4393
7 3515 5141 4564 4859 9635 8414 5266
9 3694 6154 5927 1669 4817 4298 5659 5563 5758
5 4074 5940 6435 8430 8862
6 9919 1451 3389 1559 7185 8138
4 4624 685 2922 8308
8 9540 8829 4239 5840 7496 1577 3950 2606
11 5794 6543 2156 721 8457 5630 6691 5938 2655 3941 7467
15 8150 2898 7679 984 7313 5805 5834 652 9059 9438 9782 7783 1173 9759 3631
6 461 5177 5330 7659 1205 5573
8 5136 9266 6489 9398 2795 1659 653 6770
8 7817 3701 2782 8562 4370 7151 927 3985
14 6530 8357 363 2469 5229 4974 8392 597 8114 8572 6819 8372 4759 8377
6 3868 559 9290 4683 2926 1304
11 81 6385 8003 5989 3447 1213 3301 1295 192 1118 8654
8 6692 3269 1325 8716 3679 8001 5398 1658
9 1209 7239 4802 1387 5259 1116 8211 2936 6221
8 8672 4102 2590 598 5714 2326 4129 2221
8 9028 6627 5677 6315 9558 9703 747 5647
12 4232 2336 9428 1959 9437 8352 4633 7068 1322 4983 7264 8648
13 3555 4566 680 8344 2768 9662 6661 3484 3890 2594 1301 6371 3797
4 2056 4237 9076 7621
13 6863 397 6996 4146 1753 407 5736 2155 1849 1623 8008 6439 5672
8 7020 4142 4463 4972 3246 2421 2750 5745
3 2698 8221 6761
4 634 427 4641 3507
3 4869 6428 4321
5 6907 625 8527 7851 1704
6 5658 1390 2088 2394 7566 6127
6 1624 9263 926 3715 7161 3771
4 5393 293 8710 6074
8 8432 6050 9014 3422 9239 3820 7290 797
7 5159 2267 1467 1573 3929 6623 4891
5 8143 6914 3959 1418 1705
11 2352 4689 4789 911 1585 8467 9396 4993 8132 4158 7311
8 4845 9136 9502 7818 2249 3237 3099 7053
11 9844 1255 3645 5027 745 6707 2075 5155 5062 4697 1134
8 9986 7954 2821 4402 5896 535 3069 1951
9 5480 5284 3242 9415 8084 1661 4284 8304 6124
9 2142 4777 4853 9344 3916 1962 1261 5312 7814
1 3737
11 7806 8961 8807 9959 2832 4934 9212 2707 4500 251 763
12 7867 8928 4636 694 5102 7094 3248 8205 8340 5883 8778 406
2 3252 9569
5 1415 9473 7893 2136 8330
4 8699 9120 1663 1009
5 1146 7483 590 1923 8612
12 4046 7278 1686 7945 3018 1916 4509 1187 831 8451 7623 9312
7 2381 1310 7868 6701 4598 4075 9049
12 9355 7665 6064 6486 1237 7729 7127 6236 5842 5889 8350 8337
10 345 5165 1166 5812 7079 9955 6895 7789 794 7617
3 8343 6801 7678
6 9588 7106 9541 1341 2664 3698
9 1776 5858 9130 1977 3785 8771 4408 6411 3643
8 7728 4457 9480 9434 3165 4799 3035 2223
12 9559 2426 5349 7538 4357 4009 1606 331 1954 2334 2961 5646
12 1831 9054 5564 954 6619 9936 3448 2457 4338 8558 3971 9876
8 2648 3191 4478 8765 1161 9721 7189 1242
3 489 6017 4243
5 5984 6595 5960 1905 8582
8 8061 9578 8676 2980 3543 7154 443 4741
9 3066 9299 2071 1184 6080 944 7349 9639 6258
7 4614 791 6368 5839 9257 8622 3440
7 8934 9041 6441 8808 8178 8002 9334
9 4247 9336 3681 4 9323 6997 7824 3412 8169
4 6583 1706 3656 343
4 4985 4395 8733 89
7 9060 2215 9583 717 5732 8006 8700
2 34 773
5 4981 2540 8265 8497 2055
1 5968
6 1932 3415 7001 4178 3042 9211
8 7850 6140 9248 6092 5055 5720 6302 6667
5 8366 9612 2310 3408 8147
4 1323 9619 359 8596
9 9090 7319 6226 3407 6049 2819 4445 8797 8877
12 6855 3659 5129 5073 3098 6617 5599 3856 5774 888 4909 9317
8 798 1744 2518 7235 366 6606 9792 7681
5 4753 333 7771 1035 3792
2 1847 5173
12 5837 7721 3769 6768 5000 756 6958 7590 3526 7261 9577 8957
7 4380 3285 1077 6725 8279 8900 9499
9 6245 6460 5160 4126 4541 6046 9676 2604 910
9 8079 9055 2877 3243 4000 5084 3819 5547 3711
8 4880 6921 7453 4052 3488 3611 4766 9326
2 8284 7061
4 5802 3502 7074 1212
9 6159 6264 9519 8066 8473 8162 6533 9294 5293
4 2346 8397 7304 142
4 7746 13 6665 4757
11 3623 7176 8872 5976 3818 5639 7427 51 4606 6351 9878
6 2374 4304 1909 8122 5606 749
15 1724 7570 52 917 53 2369 3922 6599 4375 466 637 143 6032 9573 5939
8 2549 5336 3102 5147 3652 8078 9522 2321
