7 466 8098 6372 9657 8203 3148 647
4 4032 8618 2480 2107
1 9307
6 516 8132 2850 3504 1268 2907
8 5956 1356 728 5621 4771 5698 7947 7010
5 2634 6810 2786 7577 6091
4 2953 3386 3580 7264
7 3171 3749 6235 8167 4576 4329 6575
5 3578 5609 8151 7887 7641
5 987 8028 9298 4347 4087
9 6215 1409 9422 3404 2620 9645 547 7260 3810
4 9389 7718 7492 8392
9 6071 9597 5776 29 9474 3355 3531 8114 2288
11 7780 7746 9124 1181 2938 265 6537 9799 8945 5284 3116
8 1126 3962 5774 3008 6164 7688 6830 4659
4 4243 2804 2518 63
8 1724 4485 1500 4984 3468 5398 511 7234
9 8489 455 5845 7841 4111 5851 2217 9163 341
14 5964 5603 4653 9865 6184 8986 8070 3080 277 9204 2659 2561 1635 3227
4 283 4419 6061 1445
3 224 4678 2507
4 5629 7601 7502 7527
7 8982 7562 1930 9686 6371 8636 3595
7 167 6919 9566 6722 6625 3748 2980
4 6284 2341 9713 9895
7 9177 8531 3901 6133 1551 9558 5453
6 1366 3985 4337 8805 6898 592
4 6595 5739 4324 2388
5 1073 8353 5432 1559 6148
14 2135 9095 8752 2576 9483 427 2478 5582 8409 7174 9188 7886 9109 5561
8 7163 6848 4905 4339 6639 1177 4964 6627
6 281 5762 371 4625 8640 2451
9 7694 5051 6852 5795 3655 8768 5208 3808 9154
8 813 6733 8719 7452 6022 3188 4775 5002
5 6224 8175 566 1946 6246
5 1215 3981 8878 2456 9600
7 9025 2444 9918 7885 2623 5320 2894
6 3358 5882 4811 869 4901 9860
7 7190 2364 8236 7542 98 9958 3767
13 9488 3937 4867 4092 9261 5202 505 3041 2016 6017 5970 5738 2504
3 6055 5666 1627
11 2742 892 5515 7553 5365 2957 9388 7839 711 6301 4131
7 105 4526 3918 5007 2952 8694 7796
5 6771 8928 3345 6513 1289
3 2893 7856 8311
12 6190 2012 877 269 37 1361 4518 5618 2406 9969 6588 8909
8 39 2002 77 5729 3796 4539 9784 2497
6 921 9374 8516 1266 2149 1363
6 5028 4822 2872 6094 6942 6906
6 8680 1146 3931 2678 3143 4962
6 9658 384 6569 6002 8670 4915
4 567 5061 6480 6491
6 4064 2467 3444 1993 6614 6422
5 6492 218 849 411 419
7 1743 5538 2594 9410 2215 4300 470
10 6727 4533 4139 1765 6240 4965 4556 819 722 2436
8 5304 2982 2896 6038 1071 2668 7690 2254
9 6280 8775 7164 5285 4973 2105 6598 6413 5392
3 9545 7228 7417
8 1939 166 1714 5787 5513 8009 9577 7414
9 7109 2276 9432 7967 8902 9987 2567 7322 7364
11 8101 9550 3993 9505 9064 8596 8195 8110 2810 3024 2879
8 8976 9017 4619 8037 6008 5960 3952 9604
6 8983 584 1567 1211 4680 3082
7 9184 4134 2977 2974 5736 1766 4331
4 2574 3980 1508 697
2 5173 5255
5 477 9072 6157 7178 7326
6 853 4705 3381 8228 8096 4275
6 4613 1022 2189 4171 4014 5885
5 6428 5305 3207 2670 1648
5 3032 129 9904 6542 9346
8 4780 8030 2503 5667 5950 3038 6014 1199
8 5760 2235 1682 9724 1315 4793 6441 2895
9 9696 3615 5937 497 1891 4699 4690 9914 8194
6 6509 495 7143 6529 8501 9138
7 8273 5196 120 4412 4364 3334 7456
7 9233 1789 3168 1473 7537 9932 2936
6 5477 5221 6495 6730 8548 9478
6 3237 8744 9802 1851 7460 9741
5 851 1528 3107 9403 6090
6 9766 7666 453 7936 870 7555
4 347 6865 9556 7021
3 7776 7911 2103
6 772 5489 953 6217 2565 2925
9 1809 2654 9016 4820 9423 5161 9094 638 85
8 5705 3587 9395 3508 5586 5033 1298 6172
10 4776 9649 2117 6332 9995 4512 9847 537 1651 5638
10 5924 8792 2781 9607 6647 2611 5681 8385 7272 2423
5 7003 7908 4871 1778 6405
7 1357 9962 3467 4913 4682 7850 6787
10 8342 8682 796 8743 7608 8589 9296 2367 7162 969
4 2245 9510 7747 9697
14 9236 777 3588 3328 7050 1270 8061 7294 6633 7399 6626 7315 6065 124
7 1285 2642 7314 6943 4961 5240 7917
10 4029 2438 8428 9331 821 485 3572 9069 6883 5823
6 5327 9570 3947 6435 7246 3232
9 6263 9763 7739 1731 7089 8539 7655 7471 5987
13 5298 8460 8665 506 4979 4608 8916 3829 6969 7319 447 4916 4361
13 6304 6389 3109 5145 2356 3900 2751 8619 1991 6960 8395 5723 582
11 7877 2665 8160 1263 9164 9869 9579 2969 7049 845 3399
7 7966 5280 9161 6663 8819 3279 7368
6 5034 4895 1791 2431 6135 5644
4 3668 1212 7534 9212
9 7956 451 1705 3159 4832 5928 8360 8753 7649
5 7804 7533 5178 6051 8696
11 9055 9726 6467 5558 9398 3857 6843 7978 9555 9827 233
9 5827 4121 5039 5337 5779 1503 2155 2528 973
12 9715 9705 4702 6532 65 6189 4762 4767 7165 7063 9544 5953
5 7945 2901 852 2494 3057
8 9874 9011 9271 9602 8164 7854 4594 9018
7 7309 6856 4971 6266 9100 9192 7899
9 6951 3287 5464 3438 7997 4977 1990 2338 6479
7 8143 6577 4954 5507 3876 1868 7774
7 4600 1184 5044 3634 5410 4789 5517
13 1519 5152 2222 6080 1975 2709 978 3645 3540 641 8180 531 7341
5 3690 6303 9841 1397 4058
8 6469 9608 7705 6390 2532 1921 8351 6207
5 2190 1703 6293 6650 9418
9 4845 2684 370 8735 7424 6142 9748 2249 9700
11 3179 540 2461 714 7754 7119 5042 2349 7187 7540 8307
5 3081 2094 1287 5690 8799
5 1988 5216 4516 3071 5193
7 3115 9348 1010 6442 946 9941 9354
7 4219 7957 7189 5918 1881 3760 2994
9 6635 5879 7921 8416 5361 3870 1185 6216 960
8 1566 6616 4429 3788 8879 1793 5065 3818
8 9813 2115 6619 4346 1255 7422 6271 1911
9 9543 3060 5784 8243 5948 1105 212 7194 9837
9 5089 4646 5864 9912 1678 3734 7806 7775 3708
9 2198 9939 2210 1728 4097 4256 4708 4585 7207
14 4737 6802 1351 9509 6366 8117 8782 1820 937 172 3161 2719 9982 9438
4 5294 6806 7756 5921
10 8150 2131 7497 9030 6496 3059 1522 7066 6546 1154
11 3073 4061 8510 4580 5466 2067 1739 6673 2530 7348 8470
8 1628 5319 4897 7861 4998 8771 4184 7996
6 4980 4405 4866 2956 900 7559
15 4446 1029 2133 9779 4267 9722 7512 8738 5711 5257 3101 7478 7134 9770 2084
13 7560 5364 8802 3135 6506 3157 4479 2789 6490 9015 6974 578 5674
5 6448 6053 7722 6632 6202
6 4940 9650 6447 1235 6955 5418
8 9026 5657 4548 3472 3529 4821 6173 5273
6 4774 2523 8631 9786 6179 8465
8 5910 8723 7477 856 1316 655 202 5988
9 2401 3138 4354 4461 9580 6320 8932 3048 1596
10 3090 1996 5856 7506 5676 346 4872 6732 4037 3769
7 7393 3930 4827 8978 2585 6149 4644
12 8995 2997 1987 3017 3457 3959 1464 5275 8402 6596 4254 5107
12 6186 1940 6144 5339 8823 3111 9572 1254 6823 950 6804 694
7 8825 3872 2386 1099 2582 3913 5211
16 3348 5170 4039 3154 5599 6920 390 8374 2487 2881 3957 1954 9330 9768 3555 2661
13 5468 6583 4366 7470 8774 24 9866 5930 7270 3826 4881 9481 8964
10 3193 2667 3998 4222 825 5635 5227 8784 5269 9358
4 5788 3601 2630 7215
6 3971 2543 9663 3230 1637 519
13 1044 1388 3591 9948 4721 1550 6074 5050 439 1653 3570 3642 6121
10 6387 1640 6525 5452 5897 9882 2213 9527 4747 6835
10 1630 7336 1450 6181 5527 8935 4981 7153 1533 9343
13 5816 5205 4404 6825 2669 9698 7923 127 7729 3474 6279 1864 3375
12 4694 3047 4103 999 8069 2366 2703 1350 8479 1106 2791 8265
10 6060 3226 2959 951 2481 9615 1345 3006 6587 5486
9 933 3963 4261 8280 9968 1079 5375 5877 6511
8 6875 9536 9934 2737 7568 8062 3517 4188
8 8809 9301 7968 7677 3030 9404 6680 6737
10 4076 9287 3163 7998 3706 3366 8959 4714 496 3021
8 7724 865 4482 818 240 3554 7907 8443
14 3181 3700 5719 9881 6713 4592 556 3906 6573 3062 4063 2587 503 5707
8 5728 5715 2942 1928 8068 5849 1665 3436
12 9964 8684 6526 2696 4778 6103 6013 6783 1615 8105 9643 4502
7 1624 9679 4197 1738 6159 9838 2681
11 373 693 3447 9201 9193 3098 4590 9349 7654 1428 6784
2 5696 8887
9 9434 9796 7137 2498 1607 3403 5473 2291 6088
6 4899 8648 9782 8216 362 6576
3 5651 2814 8816
10 7258 4075 9335 4176 196 8024 8387 9431 2783 3285
10 1303 522 955 2492 5627 4911 5551 8514 4235 8629
10 2363 7799 2104 4695 47 5712 2968 2809 4643 1027
8 6233 9074 5374 3406 3633 4712 1773 8314
12 1787 635 8244 480 788 2380 2985 4956 8683 2134 4707 7652
9 3155 3908 8979 3712 5054 7362 8898 4875 2296
9 6517 8011 9828 3758 730 5562 1638 977 126
10 8229 9318 889 2360 9244 3083 5317 9873 3120 7820
10 2581 4496 7252 6541 5844 3970 4437 8225 8240 5991
8 9029 6696 2612 8298 7004 1875 5204 9255
12 4194 7663 3070 6289 3219 6688 4297 6833 3106 6264 491 119
7 6754 2598 3710 467 9542 6656 6755
10 4788 2066 5830 6958 2999 7697 7593 4135 2267 4978
10 9684 9065 5985 2268 8290 2170 3305 3422 2716 5789
15 1942 3551 3579 1042 9835 6631 8363 7106 7435 4683 5569 836 6932 4353 6952
10 3353 5633 5543 4552 6498 5021 2493 1367 5591 4418
9 2931 433 5920 712 7857 282 2807 2556 75
10 8701 8894 6415 6076 6327 7474 3868 7934 2007 6561
13 1436 9427 2285 5936 5559 3800 3687 7938 1369 3421 9383 3074 4605
12 4416 8749 6761 4995 9759 2885 5734 616 6029 8583 6269 8715
10 6710 6199 162 3979 378 8750 966 1399 5717 5836
13 3639 6120 348 7019 4380 8522 2273 3589 103 1916 1136 1484 2157
17 4066 1038 3362 6253 1755 7963 9900 9563 9947 1015 1385 3840 2915 3816 7965 824 7817
3 2347 4635 624
10 2437 6782 6360 4532 6203 1727 5915 1801 5481 1690
7 6935 1420 6458 4947 936 2099 9071
6 6975 2984 9991 2796 8941 9452
12 9114 717 8846 7713 7738 5471 1981 8270 145 6377 4923 518
8 8580 9342 4407 5660 9444 5870 696 4963
13 5177 2327 3976 8830 5402 5805 5215 3218 9731 7002 4540 4685 6012
9 5379 5114 6913 2385 4237 287 8092 1001 3530
10 3284 1632 7970 8955 4274 181 8272 1655 764 5470
16 3487 1977 8587 1696 3178 7094 1937 1943 5344 4196 8305 7843 8187 1697 7837 8268
5 4815 2792 3202 4345 8317
6 9347 8810 4268 9573 5372 2911
13 9380 7407 3229 963 9539 3014 2308 8555 2088 368 9916 9723 9829
9 1322 9339 7126 5032 1601 8731 637 1327 8918
6 5110 6881 6821 7852 6947 8770
12 7427 7987 349 8838 9001 4746 6901 990 5386 2371 4586 7805
9 9480 364 3369 9041 4877 769 2059 561 7772
9 4812 3663 3354 2357 6762 4352 5548 3956 3072
11 9237 7339 4320 7152 2514 574 9767 7900 5491 2306 5029
20 6677 5811 781 1968 2464 2284 8929 195 1527 2398 6324 8084 6751 4561 3522 4257 2119 2829 340 3092
9 450 5081 5620 6397 448 7631 2516 1150 5231
11 4359 7254 1274 2638 6040 8567 1454 587 2031 7741 9003
10 2017 3222 8419 7819 7469 6858 3607 4270 2329 2902
8 7920 8451 8633 2848 8776 7371 8574 8412
11 3056 2340 7858 4798 1629 2544 9045 1540 4422 4791 1967
9 2868 1898 5725 2712 581 8582 7214 9971 7903
11 8645 858 3594 4810 7280 6308 5685 4890 3664 7764 9894
8 6388 4033 4993 9112 426 3349 4674 6564
11 199 64 8720 4664 3688 7192 6798 6028 3946 7926 5092
10 1230 9000 752 7289 882 2828 2275 2448 6637 7788
16 5206 7083 3077 5190 3699 296 7411 8658 575 1446 2572 501 12 573 7008 5859
10 5025 3948 1834 7518 8953 8484 891 5907 7789 9152
8 668 1716 3559 3045 2778 8585 6404 2616
13 1668 9616 500 2964 2093 8893 4735 9687 9463 6161 2143 5256 6325
13 1562 4873 7034 8219 6201 509 1798 8880 1449 9927 9134 9080 1313
8 1749 8702 614 121 5549 661 1323 6524
6 2520 3842 2211 3958 6776 6842
8 5199 2411 8331 2294 2545 8218 3697 7100
14 6699 4903 5239 3342 7786 7281 1305 9023 2501 2990 1786 8891 9293 7726
9 207 748 7 1393 396 7951 2123 2400 8895
12 7001 1077 898 1514 5184 9819 1800 9517 9113 5526 6305 2041
7 8328 1122 4291 5926 9586 7517 7123
10 7064 3649 253 9778 1486 5650 4698 4936 7261 3173
9 186 8202 983 859 6503 1237 3547 3719 4384
10 288 3445 2816 4593 9208 8987 843 4287 2904 2075
11 2035 2575 5735 7521 1227 9320 8146 2261 2441 1762 8060
8 4976 790 4242 6131 4138 2264 2008 3940
7 6483 7959 7107 7413 2345 8542 6059
9 8067 5493 4939 5902 652 6041 7090 5780 2776
9 7227 8812 9308 4843 217 5809 7029 2537 1672
14 2648 4068 917 7211 5995 3338 1782 7154 9863 2731 1209 6153 6169 4224
14 3496 9857 9068 3204 9214 2361 1372 7396 3779 9953 3653 1288 7731 3197
9 5171 9610 7255 3029 315 2109 3936 3274 8487
5 9512 1626 7616 6141 5678
10 6117 4259 7357 8449 7486 7791 8376 6431 8197 2749
5 8763 9535 6499 4411 7801
13 6548 1041 4265 7687 814 7048 8306 7386 6222 6358 4584 2862 4026
6 316 1153 8660 5536 6011 1295
5 8339 3897 1115 8485 4490
11 2379 8138 1569 3566 9253 2812 6909 6929 5813 1404 3308
8 6747 6788 749 1634 6972 677 7156 3652
8 7473 564 6484 8241 2054 6921 9642 3289
8 8734 1686 8275 8032 2627 732 8174 9353
12 2992 529 9369 8881 2454 4505 1119 9620 1470 2844 6311 6068
10 5619 8242 3990 4342 6248 2095 6717 2976 5225 321
16 8755 3441 6208 8560 4208 4255 4008 2927 4360 9557 7457 6136 2311 205 940 3583
9 2826 3915 4369 1841 7730 4517 8077 262 2257
9 2736 441 3459 2718 2510 5615 9143 4841 806
12 5952 3298 8135 6903 2374 3224 7905 6986 8520 7991 5430 415
9 7948 759 1538 7807 1543 2269 41 6988 3451
9 4718 5301 2941 7301 9225 8637 2721 5261 5276
8 9890 2148 4620 458 9476 7604 20 6533
11 1178 543 8136 9181 2732 5408 1718 7810 192 6867 9774
13 9808 4420 7447 5131 4806 9142 6165 8427 7770 6356 6534 8165 7930
6 3576 2246 2779 9285 9170 7223
8 8065 1699 351 2434 9805 5747 31 9765
11 45 2159 8054 723 1006 6926 4907 2865 6916 8100 9950
9 7662 5826 4356 1693 6660 3717 1576 4531 617
6 7284 8597 1732 4755 8712 6667
8 4529 2909 9277 5459 6907 1594 2834 9613
11 7675 1328 5981 4783 4681 2383 5391 6704 8708 4381 651
6 7975 8643 18 2553 860 235
10 4088 2172 8359 1061 8788 3909 621 8981 3196 6052
7 5875 8852 2978 1947 517 4020 1396
15 9812 6145 6725 9046 3497 1129 8126 1374 6317 1815 2883 442 9099 1518 731
6 4054 361 1391 8705 4840 6654
11 9930 8780 14 4000 5158 8527 6797 5560 5649 7618 8965
9 369 5544 1979 459 634 1375 2819 3988 8533
8 4670 9234 1334 7224 8789 4908 4666 5593
5 6568 6887 2866 7166 1874
10 7625 7269 464 3527 2405 3661 1811 9978 3015 7717
5 301 4140 1781 9710 2926
13 4067 5253 261 4669 211 9717 5098 7490 5359 8606 4155 8672 7595
8 5913 1144 137 7287 4927 9633 7125 2706
13 2839 6067 9386 9022 9221 8742 5521 5101 8343 8695 3859 9148 8081
12 3534 9609 4240 2447 2392 3023 1957 1378 4367 9582 4271 79
9 8620 4281 5891 9523 8994 2533 3938 7683 7520
7 354 2376 9291 4510 7544 7600 3493
12 4350 4842 3864 3140 5120 8690 5009 3352 1859 9101 7508 8559
15 5671 8185 3852 6401 5338 4209 7376 4850 5316 8576 5819 1877 9886 4688 4615
9 9439 2499 8308 2197 2427 754 7602 8018 251
8 6122 9514 7354 4326 1958 4228 1580 2571
13 9329 6272 8621 3884 7734 3841 4108 9977 7524 2626 7463 486 787
10 9267 8245 4431 9034 9032 4571 6745 3208 6832 894
6 4016 658 8940 3510 8002 2505
10 2947 7410 6702 1277 9905 1347 3614 7505 5812 9637
8 3939 4826 9205 5764 5996 1281 7972 5380
12 4401 1867 2262 8345 6549 8382 8600 9661 3351 9082 809 9788
12 6610 8634 7462 5497 5469 7892 4651 6774 692 7121 1509 6465
10 9086 3561 5575 1018 632 8554 4319 8535 6818 7583
11 1788 5019 3413 6880 6911 2328 5702 3752 2203 2962 6838
2 7263 7617
7 2948 5179 3751 4105 4631 7332 6709
6 5360 5479 8104 2618 2691 6251
11 9891 1427 9897 1075 7874 7440 3586 6339 8112 8247 1333
8 4130 8647 7444 8014 9903 8043 3943 4150
8 4572 17 9402 1869 9638 3424 7644 1474
9 160 312 9265 6899 2483 7220 2046 8192 8736
10 861 3052 4731 3165 3112 2160 7453 3214 2248 1812
12 2003 3264 3253 9843 1591 1529 8252 1112 469 3002 8772 8393
6 7430 4742 1989 4484 9576 8729
9 2871 8064 6194 1501 4663 6694 5016 7647 8803
6 5802 7710 3426 4449 9667 8075
13 5874 1552 7007 1394 7446 206 2336 3996 8747 2884 6478 2559 3450
11 6555 2199 8287 6662 857 197 2856 3848 5091 8515 8845
8 2362 8525 829 1561 3257 699 737 8302
10 1684 5893 3509 6158 4912 6335 4741 2250 9450 8058
7 3268 9162 5203 7977 8779 25 344
8 5440 2458 4462 8888 5172 3727 2422 7895
6 4706 1997 6 9004 1978 8777
8 3473 6689 7827 2471 2566 4959 6408 3478
6 4074 8480 524 5155 1279 6828
13 7648 8261 5424 7909 2945 812 6934 2729 149 5665 6077 2784 2393
15 862 8611 9551 5415 8230 8408 1902 7669 6799 6139 4012 1337 8045 2065 942
12 7867 4351 7273 3965 7665 8632 9849 1183 6661 4884 6636 3239
12 8678 6756 9877 5328 7092 1646 6769 374 7342 399 8685 1974
4 5602 3282 1497 7711
11 9578 4816 8102 1729 7074 1017 1583 4468 2491 5946 9878
5 9716 1381 3141 9524 7659
7 7706 1272 2282 6254 1878 3542 6316
10 1768 620 324 7813 6839 4846 2662 4022 640 4459
8 2690 4987 9680 8169 2824 9028 9176 5300
5 3303 6659 5677 9508 2991
7 5244 7158 7311 9013 3538 4790 44
10 425 4223 7098 2081 50 11 9691 2063 8323 3713
8 8095 9239 1043 3838 2025 7551 3729 2214
14 238 5737 6111 5484 7141 1084 8704 3526 8163 7451 5449 1479 6260 1790
16 8036 4566 2227 2216 8113 8491 2602 5563 9511 7139 2486 4999 2302 3521 9020 6086
13 8205 2304 365 1524 1495 9611 5753 9036 6592 5932 5873 5342 8836
9 130 2782 7670 2852 6679 8635 5445 7523 5232
12 6296 6684 5123 5242 6070 9319 1658 1443 542 6981 5686 7055
13 7006 914 2449 7293 410 6831 5217 7736 1900 3498 7868 1951 4450
